{"/home/nyakamwe/Desktop/my-brand-nyakamwe/server/src/test/comment_test.js":{"path":"/home/nyakamwe/Desktop/my-brand-nyakamwe/server/src/test/comment_test.js","statementMap":{"0":{"start":{"line":3,"column":16},"end":{"line":3,"column":59}},"1":{"start":{"line":5,"column":12},"end":{"line":5,"column":52}},"2":{"start":{"line":7,"column":13},"end":{"line":7,"column":56}},"3":{"start":{"line":9,"column":16},"end":{"line":9,"column":60}},"4":{"start":{"line":11,"column":12},"end":{"line":11,"column":37}},"5":{"start":{"line":13,"column":10},"end":{"line":13,"column":47}},"6":{"start":{"line":15,"column":12},"end":{"line":15,"column":37}},"7":{"start":{"line":17,"column":49},"end":{"line":17,"column":96}},"8":{"start":{"line":17,"column":84},"end":{"line":17,"column":96}},"9":{"start":{"line":17,"column":121},"end":{"line":17,"column":134}},"10":{"start":{"line":17,"column":159},"end":{"line":17,"column":172}},"11":{"start":{"line":17,"column":174},"end":{"line":17,"column":309}},"12":{"start":{"line":17,"column":234},"end":{"line":17,"column":292}},"13":{"start":{"line":19,"column":53},"end":{"line":19,"column":111}},"14":{"start":{"line":19,"column":98},"end":{"line":19,"column":109}},"15":{"start":{"line":19,"column":112},"end":{"line":19,"column":214}},"16":{"start":{"line":19,"column":188},"end":{"line":19,"column":212}},"17":{"start":{"line":19,"column":227},"end":{"line":19,"column":264}},"18":{"start":{"line":19,"column":266},"end":{"line":19,"column":321}},"19":{"start":{"line":19,"column":297},"end":{"line":19,"column":319}},"20":{"start":{"line":19,"column":335},"end":{"line":19,"column":337}},"21":{"start":{"line":19,"column":367},"end":{"line":19,"column":423}},"22":{"start":{"line":19,"column":425},"end":{"line":19,"column":726}},"23":{"start":{"line":19,"column":448},"end":{"line":19,"column":724}},"24":{"start":{"line":19,"column":534},"end":{"line":19,"column":606}},"25":{"start":{"line":19,"column":608},"end":{"line":19,"column":722}},"26":{"start":{"line":19,"column":646},"end":{"line":19,"column":687}},"27":{"start":{"line":19,"column":697},"end":{"line":19,"column":720}},"28":{"start":{"line":19,"column":727},"end":{"line":19,"column":748}},"29":{"start":{"line":19,"column":749},"end":{"line":19,"column":787}},"30":{"start":{"line":19,"column":762},"end":{"line":19,"column":785}},"31":{"start":{"line":19,"column":788},"end":{"line":19,"column":802}},"32":{"start":{"line":21,"column":39},"end":{"line":21,"column":93}},"33":{"start":{"line":23,"column":0},"end":{"line":23,"column":27}},"34":{"start":{"line":27,"column":0},"end":{"line":27,"column":23}},"35":{"start":{"line":29,"column":0},"end":{"line":29,"column":37}},"36":{"start":{"line":31,"column":0},"end":{"line":211,"column":3}},"37":{"start":{"line":32,"column":2},"end":{"line":45,"column":5}},"38":{"start":{"line":34,"column":18},"end":{"line":34,"column":161}},"39":{"start":{"line":36,"column":4},"end":{"line":44,"column":7}},"40":{"start":{"line":40,"column":6},"end":{"line":40,"column":35}},"41":{"start":{"line":41,"column":6},"end":{"line":41,"column":13}},"42":{"start":{"line":43,"column":6},"end":{"line":43,"column":25}},"43":{"start":{"line":50,"column":2},"end":{"line":135,"column":5}},"44":{"start":{"line":51,"column":4},"end":{"line":55,"column":7}},"45":{"start":{"line":52,"column":6},"end":{"line":52,"column":59}},"46":{"start":{"line":54,"column":6},"end":{"line":54,"column":62}},"47":{"start":{"line":57,"column":4},"end":{"line":70,"column":7}},"48":{"start":{"line":58,"column":22},"end":{"line":62,"column":8}},"49":{"start":{"line":64,"column":6},"end":{"line":69,"column":9}},"50":{"start":{"line":65,"column":8},"end":{"line":65,"column":41}},"51":{"start":{"line":66,"column":8},"end":{"line":66,"column":44}},"52":{"start":{"line":67,"column":8},"end":{"line":67,"column":75}},"53":{"start":{"line":68,"column":8},"end":{"line":68,"column":15}},"54":{"start":{"line":72,"column":22},"end":{"line":75,"column":5}},"55":{"start":{"line":76,"column":4},"end":{"line":87,"column":7}},"56":{"start":{"line":77,"column":6},"end":{"line":86,"column":9}},"57":{"start":{"line":81,"column":8},"end":{"line":81,"column":34}},"58":{"start":{"line":81,"column":17},"end":{"line":81,"column":34}},"59":{"start":{"line":82,"column":8},"end":{"line":82,"column":41}},"60":{"start":{"line":83,"column":8},"end":{"line":83,"column":44}},"61":{"start":{"line":84,"column":8},"end":{"line":84,"column":39}},"62":{"start":{"line":85,"column":8},"end":{"line":85,"column":15}},"63":{"start":{"line":89,"column":4},"end":{"line":104,"column":7}},"64":{"start":{"line":90,"column":24},"end":{"line":90,"column":44}},"65":{"start":{"line":92,"column":6},"end":{"line":103,"column":9}},"66":{"start":{"line":97,"column":8},"end":{"line":97,"column":49}},"67":{"start":{"line":98,"column":8},"end":{"line":98,"column":41}},"68":{"start":{"line":99,"column":8},"end":{"line":99,"column":44}},"69":{"start":{"line":100,"column":8},"end":{"line":100,"column":85}},"70":{"start":{"line":101,"column":8},"end":{"line":101,"column":30}},"71":{"start":{"line":102,"column":8},"end":{"line":102,"column":15}},"72":{"start":{"line":105,"column":4},"end":{"line":120,"column":7}},"73":{"start":{"line":106,"column":21},"end":{"line":106,"column":23}},"74":{"start":{"line":107,"column":25},"end":{"line":110,"column":8}},"75":{"start":{"line":111,"column":6},"end":{"line":111,"column":24}},"76":{"start":{"line":113,"column":6},"end":{"line":119,"column":9}},"77":{"start":{"line":114,"column":8},"end":{"line":114,"column":41}},"78":{"start":{"line":115,"column":8},"end":{"line":115,"column":44}},"79":{"start":{"line":116,"column":8},"end":{"line":116,"column":54}},"80":{"start":{"line":117,"column":8},"end":{"line":117,"column":28}},"81":{"start":{"line":118,"column":8},"end":{"line":118,"column":15}},"82":{"start":{"line":121,"column":4},"end":{"line":134,"column":7}},"83":{"start":{"line":122,"column":21},"end":{"line":122,"column":47}},"84":{"start":{"line":123,"column":25},"end":{"line":126,"column":7}},"85":{"start":{"line":128,"column":6},"end":{"line":133,"column":9}},"86":{"start":{"line":129,"column":8},"end":{"line":129,"column":41}},"87":{"start":{"line":130,"column":8},"end":{"line":130,"column":44}},"88":{"start":{"line":131,"column":8},"end":{"line":131,"column":80}},"89":{"start":{"line":132,"column":8},"end":{"line":132,"column":15}},"90":{"start":{"line":140,"column":2},"end":{"line":187,"column":5}},"91":{"start":{"line":141,"column":4},"end":{"line":151,"column":7}},"92":{"start":{"line":142,"column":21},"end":{"line":142,"column":23}},"93":{"start":{"line":144,"column":6},"end":{"line":150,"column":9}},"94":{"start":{"line":147,"column":8},"end":{"line":147,"column":41}},"95":{"start":{"line":148,"column":8},"end":{"line":148,"column":46}},"96":{"start":{"line":149,"column":8},"end":{"line":149,"column":15}},"97":{"start":{"line":152,"column":4},"end":{"line":162,"column":7}},"98":{"start":{"line":153,"column":21},"end":{"line":153,"column":47}},"99":{"start":{"line":155,"column":6},"end":{"line":161,"column":9}},"100":{"start":{"line":158,"column":8},"end":{"line":158,"column":41}},"101":{"start":{"line":159,"column":8},"end":{"line":159,"column":76}},"102":{"start":{"line":160,"column":8},"end":{"line":160,"column":15}},"103":{"start":{"line":163,"column":4},"end":{"line":174,"column":7}},"104":{"start":{"line":164,"column":24},"end":{"line":164,"column":27}},"105":{"start":{"line":166,"column":6},"end":{"line":173,"column":9}},"106":{"start":{"line":169,"column":8},"end":{"line":169,"column":41}},"107":{"start":{"line":170,"column":8},"end":{"line":170,"column":44}},"108":{"start":{"line":171,"column":8},"end":{"line":171,"column":54}},"109":{"start":{"line":172,"column":8},"end":{"line":172,"column":15}},"110":{"start":{"line":175,"column":4},"end":{"line":186,"column":7}},"111":{"start":{"line":176,"column":24},"end":{"line":176,"column":50}},"112":{"start":{"line":178,"column":6},"end":{"line":185,"column":9}},"113":{"start":{"line":181,"column":8},"end":{"line":181,"column":41}},"114":{"start":{"line":182,"column":8},"end":{"line":182,"column":44}},"115":{"start":{"line":183,"column":8},"end":{"line":183,"column":84}},"116":{"start":{"line":184,"column":8},"end":{"line":184,"column":15}},"117":{"start":{"line":192,"column":2},"end":{"line":210,"column":5}},"118":{"start":{"line":193,"column":4},"end":{"line":200,"column":7}},"119":{"start":{"line":194,"column":24},"end":{"line":194,"column":27}},"120":{"start":{"line":196,"column":6},"end":{"line":199,"column":9}},"121":{"start":{"line":197,"column":8},"end":{"line":197,"column":41}},"122":{"start":{"line":198,"column":8},"end":{"line":198,"column":15}},"123":{"start":{"line":201,"column":4},"end":{"line":209,"column":7}},"124":{"start":{"line":202,"column":24},"end":{"line":202,"column":50}},"125":{"start":{"line":204,"column":6},"end":{"line":208,"column":9}},"126":{"start":{"line":205,"column":8},"end":{"line":205,"column":41}},"127":{"start":{"line":206,"column":8},"end":{"line":206,"column":83}},"128":{"start":{"line":207,"column":8},"end":{"line":207,"column":15}}},"fnMap":{"0":{"name":"_getRequireWildcardCache","decl":{"start":{"line":17,"column":9},"end":{"line":17,"column":33}},"loc":{"start":{"line":17,"column":47},"end":{"line":17,"column":311}},"line":17},"1":{"name":"(anonymous_1)","decl":{"start":{"line":17,"column":209},"end":{"line":17,"column":210}},"loc":{"start":{"line":17,"column":232},"end":{"line":17,"column":294}},"line":17},"2":{"name":"_interopRequireWildcard","decl":{"start":{"line":19,"column":9},"end":{"line":19,"column":32}},"loc":{"start":{"line":19,"column":51},"end":{"line":19,"column":804}},"line":19},"3":{"name":"_interopRequireDefault","decl":{"start":{"line":21,"column":9},"end":{"line":21,"column":31}},"loc":{"start":{"line":21,"column":37},"end":{"line":21,"column":95}},"line":21},"4":{"name":"(anonymous_4)","decl":{"start":{"line":31,"column":39},"end":{"line":31,"column":40}},"loc":{"start":{"line":31,"column":45},"end":{"line":211,"column":1}},"line":31},"5":{"name":"(anonymous_5)","decl":{"start":{"line":32,"column":9},"end":{"line":32,"column":10}},"loc":{"start":{"line":32,"column":25},"end":{"line":45,"column":3}},"line":32},"6":{"name":"(anonymous_6)","decl":{"start":{"line":39,"column":12},"end":{"line":39,"column":13}},"loc":{"start":{"line":39,"column":27},"end":{"line":42,"column":5}},"line":39},"7":{"name":"(anonymous_7)","decl":{"start":{"line":42,"column":13},"end":{"line":42,"column":14}},"loc":{"start":{"line":42,"column":22},"end":{"line":44,"column":5}},"line":42},"8":{"name":"(anonymous_8)","decl":{"start":{"line":50,"column":42},"end":{"line":50,"column":43}},"loc":{"start":{"line":50,"column":48},"end":{"line":135,"column":3}},"line":50},"9":{"name":"(anonymous_9)","decl":{"start":{"line":51,"column":11},"end":{"line":51,"column":12}},"loc":{"start":{"line":51,"column":17},"end":{"line":55,"column":5}},"line":51},"10":{"name":"(anonymous_10)","decl":{"start":{"line":57,"column":28},"end":{"line":57,"column":29}},"loc":{"start":{"line":57,"column":36},"end":{"line":70,"column":5}},"line":57},"11":{"name":"(anonymous_11)","decl":{"start":{"line":64,"column":90},"end":{"line":64,"column":91}},"loc":{"start":{"line":64,"column":109},"end":{"line":69,"column":7}},"line":64},"12":{"name":"(anonymous_12)","decl":{"start":{"line":76,"column":23},"end":{"line":76,"column":24}},"loc":{"start":{"line":76,"column":31},"end":{"line":87,"column":5}},"line":76},"13":{"name":"(anonymous_13)","decl":{"start":{"line":80,"column":13},"end":{"line":80,"column":14}},"loc":{"start":{"line":80,"column":38},"end":{"line":86,"column":7}},"line":80},"14":{"name":"(anonymous_14)","decl":{"start":{"line":89,"column":29},"end":{"line":89,"column":30}},"loc":{"start":{"line":89,"column":37},"end":{"line":104,"column":5}},"line":89},"15":{"name":"(anonymous_15)","decl":{"start":{"line":96,"column":121},"end":{"line":96,"column":122}},"loc":{"start":{"line":96,"column":148},"end":{"line":103,"column":7}},"line":96},"16":{"name":"(anonymous_16)","decl":{"start":{"line":105,"column":28},"end":{"line":105,"column":29}},"loc":{"start":{"line":105,"column":36},"end":{"line":120,"column":5}},"line":105},"17":{"name":"(anonymous_17)","decl":{"start":{"line":113,"column":145},"end":{"line":113,"column":146}},"loc":{"start":{"line":113,"column":164},"end":{"line":119,"column":7}},"line":113},"18":{"name":"(anonymous_18)","decl":{"start":{"line":121,"column":64},"end":{"line":121,"column":65}},"loc":{"start":{"line":121,"column":72},"end":{"line":134,"column":5}},"line":121},"19":{"name":"(anonymous_19)","decl":{"start":{"line":128,"column":145},"end":{"line":128,"column":146}},"loc":{"start":{"line":128,"column":164},"end":{"line":133,"column":7}},"line":128},"20":{"name":"(anonymous_20)","decl":{"start":{"line":140,"column":41},"end":{"line":140,"column":42}},"loc":{"start":{"line":140,"column":47},"end":{"line":187,"column":3}},"line":140},"21":{"name":"(anonymous_21)","decl":{"start":{"line":141,"column":54},"end":{"line":141,"column":55}},"loc":{"start":{"line":141,"column":62},"end":{"line":151,"column":5}},"line":141},"22":{"name":"(anonymous_22)","decl":{"start":{"line":146,"column":13},"end":{"line":146,"column":14}},"loc":{"start":{"line":146,"column":32},"end":{"line":150,"column":7}},"line":146},"23":{"name":"(anonymous_23)","decl":{"start":{"line":152,"column":49},"end":{"line":152,"column":50}},"loc":{"start":{"line":152,"column":57},"end":{"line":162,"column":5}},"line":152},"24":{"name":"(anonymous_24)","decl":{"start":{"line":157,"column":13},"end":{"line":157,"column":14}},"loc":{"start":{"line":157,"column":32},"end":{"line":161,"column":7}},"line":157},"25":{"name":"(anonymous_25)","decl":{"start":{"line":163,"column":35},"end":{"line":163,"column":36}},"loc":{"start":{"line":163,"column":43},"end":{"line":174,"column":5}},"line":163},"26":{"name":"(anonymous_26)","decl":{"start":{"line":168,"column":13},"end":{"line":168,"column":14}},"loc":{"start":{"line":168,"column":32},"end":{"line":173,"column":7}},"line":168},"27":{"name":"(anonymous_27)","decl":{"start":{"line":175,"column":47},"end":{"line":175,"column":48}},"loc":{"start":{"line":175,"column":55},"end":{"line":186,"column":5}},"line":175},"28":{"name":"(anonymous_28)","decl":{"start":{"line":180,"column":13},"end":{"line":180,"column":14}},"loc":{"start":{"line":180,"column":32},"end":{"line":185,"column":7}},"line":180},"29":{"name":"(anonymous_29)","decl":{"start":{"line":192,"column":39},"end":{"line":192,"column":40}},"loc":{"start":{"line":192,"column":45},"end":{"line":210,"column":3}},"line":192},"30":{"name":"(anonymous_30)","decl":{"start":{"line":193,"column":36},"end":{"line":193,"column":37}},"loc":{"start":{"line":193,"column":44},"end":{"line":200,"column":5}},"line":193},"31":{"name":"(anonymous_31)","decl":{"start":{"line":196,"column":128},"end":{"line":196,"column":129}},"loc":{"start":{"line":196,"column":147},"end":{"line":199,"column":7}},"line":196},"32":{"name":"(anonymous_32)","decl":{"start":{"line":201,"column":63},"end":{"line":201,"column":64}},"loc":{"start":{"line":201,"column":71},"end":{"line":209,"column":5}},"line":201},"33":{"name":"(anonymous_33)","decl":{"start":{"line":204,"column":128},"end":{"line":204,"column":129}},"loc":{"start":{"line":204,"column":147},"end":{"line":208,"column":7}},"line":204}},"branchMap":{"0":{"loc":{"start":{"line":17,"column":49},"end":{"line":17,"column":96}},"type":"if","locations":[{"start":{"line":17,"column":49},"end":{"line":17,"column":96}},{"start":{"line":17,"column":49},"end":{"line":17,"column":96}}],"line":17},"1":{"loc":{"start":{"line":17,"column":241},"end":{"line":17,"column":291}},"type":"cond-expr","locations":[{"start":{"line":17,"column":255},"end":{"line":17,"column":271}},{"start":{"line":17,"column":274},"end":{"line":17,"column":291}}],"line":17},"2":{"loc":{"start":{"line":19,"column":53},"end":{"line":19,"column":111}},"type":"if","locations":[{"start":{"line":19,"column":53},"end":{"line":19,"column":111}},{"start":{"line":19,"column":53},"end":{"line":19,"column":111}}],"line":19},"3":{"loc":{"start":{"line":19,"column":57},"end":{"line":19,"column":94}},"type":"binary-expr","locations":[{"start":{"line":19,"column":57},"end":{"line":19,"column":69}},{"start":{"line":19,"column":73},"end":{"line":19,"column":76}},{"start":{"line":19,"column":80},"end":{"line":19,"column":94}}],"line":19},"4":{"loc":{"start":{"line":19,"column":112},"end":{"line":19,"column":214}},"type":"if","locations":[{"start":{"line":19,"column":112},"end":{"line":19,"column":214}},{"start":{"line":19,"column":112},"end":{"line":19,"column":214}}],"line":19},"5":{"loc":{"start":{"line":19,"column":116},"end":{"line":19,"column":184}},"type":"binary-expr","locations":[{"start":{"line":19,"column":116},"end":{"line":19,"column":128}},{"start":{"line":19,"column":132},"end":{"line":19,"column":155}},{"start":{"line":19,"column":159},"end":{"line":19,"column":184}}],"line":19},"6":{"loc":{"start":{"line":19,"column":266},"end":{"line":19,"column":321}},"type":"if","locations":[{"start":{"line":19,"column":266},"end":{"line":19,"column":321}},{"start":{"line":19,"column":266},"end":{"line":19,"column":321}}],"line":19},"7":{"loc":{"start":{"line":19,"column":270},"end":{"line":19,"column":293}},"type":"binary-expr","locations":[{"start":{"line":19,"column":270},"end":{"line":19,"column":275}},{"start":{"line":19,"column":279},"end":{"line":19,"column":293}}],"line":19},"8":{"loc":{"start":{"line":19,"column":367},"end":{"line":19,"column":423}},"type":"binary-expr","locations":[{"start":{"line":19,"column":367},"end":{"line":19,"column":388}},{"start":{"line":19,"column":392},"end":{"line":19,"column":423}}],"line":19},"9":{"loc":{"start":{"line":19,"column":448},"end":{"line":19,"column":724}},"type":"if","locations":[{"start":{"line":19,"column":448},"end":{"line":19,"column":724}},{"start":{"line":19,"column":448},"end":{"line":19,"column":724}}],"line":19},"10":{"loc":{"start":{"line":19,"column":452},"end":{"line":19,"column":519}},"type":"binary-expr","locations":[{"start":{"line":19,"column":452},"end":{"line":19,"column":469}},{"start":{"line":19,"column":473},"end":{"line":19,"column":519}}],"line":19},"11":{"loc":{"start":{"line":19,"column":534},"end":{"line":19,"column":606}},"type":"cond-expr","locations":[{"start":{"line":19,"column":558},"end":{"line":19,"column":599}},{"start":{"line":19,"column":602},"end":{"line":19,"column":606}}],"line":19},"12":{"loc":{"start":{"line":19,"column":608},"end":{"line":19,"column":722}},"type":"if","locations":[{"start":{"line":19,"column":608},"end":{"line":19,"column":722}},{"start":{"line":19,"column":608},"end":{"line":19,"column":722}}],"line":19},"13":{"loc":{"start":{"line":19,"column":612},"end":{"line":19,"column":642}},"type":"binary-expr","locations":[{"start":{"line":19,"column":612},"end":{"line":19,"column":616}},{"start":{"line":19,"column":621},"end":{"line":19,"column":629}},{"start":{"line":19,"column":633},"end":{"line":19,"column":641}}],"line":19},"14":{"loc":{"start":{"line":19,"column":749},"end":{"line":19,"column":787}},"type":"if","locations":[{"start":{"line":19,"column":749},"end":{"line":19,"column":787}},{"start":{"line":19,"column":749},"end":{"line":19,"column":787}}],"line":19},"15":{"loc":{"start":{"line":21,"column":46},"end":{"line":21,"column":92}},"type":"cond-expr","locations":[{"start":{"line":21,"column":70},"end":{"line":21,"column":73}},{"start":{"line":21,"column":76},"end":{"line":21,"column":92}}],"line":21},"16":{"loc":{"start":{"line":21,"column":46},"end":{"line":21,"column":67}},"type":"binary-expr","locations":[{"start":{"line":21,"column":46},"end":{"line":21,"column":49}},{"start":{"line":21,"column":53},"end":{"line":21,"column":67}}],"line":21},"17":{"loc":{"start":{"line":81,"column":8},"end":{"line":81,"column":34}},"type":"if","locations":[{"start":{"line":81,"column":8},"end":{"line":81,"column":34}},{"start":{"line":81,"column":8},"end":{"line":81,"column":34}}],"line":81}},"s":{"0":1,"1":1,"2":1,"3":1,"4":1,"5":1,"6":1,"7":1,"8":0,"9":1,"10":1,"11":1,"12":1,"13":1,"14":0,"15":1,"16":0,"17":1,"18":1,"19":0,"20":1,"21":1,"22":1,"23":10,"24":10,"25":10,"26":0,"27":10,"28":1,"29":1,"30":1,"31":1,"32":4,"33":1,"34":1,"35":1,"36":1,"37":1,"38":1,"39":1,"40":1,"41":1,"42":0,"43":1,"44":1,"45":1,"46":1,"47":1,"48":1,"49":1,"50":1,"51":1,"52":1,"53":1,"54":1,"55":1,"56":1,"57":1,"58":0,"59":1,"60":1,"61":1,"62":1,"63":1,"64":1,"65":1,"66":1,"67":1,"68":1,"69":1,"70":1,"71":1,"72":1,"73":1,"74":1,"75":1,"76":1,"77":1,"78":1,"79":1,"80":1,"81":1,"82":1,"83":1,"84":1,"85":1,"86":1,"87":1,"88":1,"89":1,"90":1,"91":1,"92":1,"93":1,"94":1,"95":1,"96":1,"97":1,"98":1,"99":1,"100":1,"101":1,"102":1,"103":1,"104":1,"105":1,"106":1,"107":1,"108":1,"109":1,"110":1,"111":1,"112":1,"113":1,"114":1,"115":1,"116":1,"117":1,"118":1,"119":1,"120":1,"121":1,"122":1,"123":1,"124":1,"125":1,"126":1,"127":1,"128":1},"f":{"0":1,"1":1,"2":1,"3":4,"4":1,"5":1,"6":1,"7":0,"8":1,"9":1,"10":1,"11":1,"12":1,"13":1,"14":1,"15":1,"16":1,"17":1,"18":1,"19":1,"20":1,"21":1,"22":1,"23":1,"24":1,"25":1,"26":1,"27":1,"28":1,"29":1,"30":1,"31":1,"32":1,"33":1},"b":{"0":[0,1],"1":[0,1],"2":[0,1],"3":[1,1,1],"4":[0,1],"5":[1,1,0],"6":[0,1],"7":[1,1],"8":[1,1],"9":[10,0],"10":[10,10],"11":[10,0],"12":[0,10],"13":[10,10,10],"14":[1,0],"15":[1,3],"16":[4,4],"17":[0,1]},"inputSourceMap":{"version":3,"sources":["comment_test.js"],"names":["require","config","user","autToken","id","cId","chai","should","use","chaiHttp","describe","before","done","dbURI","process","env","DB_USER","DB_PASSWORD","mongoose","connect","useNewUrlParser","useUnifiedTopology","then","responseult","console","log","catch","error","connection","dropCollection","it","newUser","User","username","email","password","request","server","post","send","end","err","response","have","status","body","be","a","property","eql","logInUser","Token","userToken","set","field","title","content","attach","fs","readFileSync","postId","newComment","Comment","description","save","get","commentId","delete"],"mappings":";;AAAA;;AACA;;AACA;;AACA;;AACA;;AAEA;;AAGA;;;;;;;;AAJAA,OAAO,CAAC,QAAD,CAAP,CAAkBC,MAAlB;;AAMA,IAAIC,IAAJ,EAAUC,QAAV,EAAoBC,EAApB,EAAwBC,GAAxB,C,CAEA;;AACAC,cAAKC,MAAL;;AAEAD,cAAKE,GAAL,CAASC,iBAAT;;AAGAC,QAAQ,CAAC,4BAAD,EAA+B,MAAI;AACvCC,EAAAA,MAAM,CAAC,UAASC,IAAT,EAAe;AAClB;AACJ,UAAMC,KAAK,GAAG,iBAAgBC,OAAO,CAACC,GAAR,CAAYC,OAAQ,IAAGF,OAAO,CAACC,GAAR,CAAYE,WAAY,gFAA7E;;AACAC,sBAASC,OAAT,CAAiBN,KAAjB,EAAuB;AAACO,MAAAA,eAAe,EAAC,IAAjB;AAAuBC,MAAAA,kBAAkB,EAAC;AAA1C,KAAvB,EAAwEC,IAAxE,CAA8EC,WAAD,IAAe;AAEpFC,MAAAA,OAAO,CAACC,GAAR,CAAY,eAAZ;AAEAb,MAAAA,IAAI;AAEP,KANL,EAMOc,KANP,CAMcC,KAAD,IAAS;AACdH,MAAAA,OAAO,CAACC,GAAR,CAAYE,KAAZ;AACH,KARL;AAWC,GAdK,CAAN;AAgBA;AACJ;AACA;;AAEKjB,EAAAA,QAAQ,CAAC,6BAAD,EAAgC,MAAI;AACxCC,IAAAA,MAAM,CAAC,MAAI;AACPO,wBAASU,UAAT,CAAoBC,cAApB,CAAmC,OAAnC;;AACAX,wBAASU,UAAT,CAAoBC,cAApB,CAAmC,UAAnC;AACH,KAHK,CAAN,CADwC,CAMzC;;AACJC,IAAAA,EAAE,CAAC,mBAAD,EAAuBlB,IAAD,IAAQ;AAE5B,YAAMmB,OAAO,GAAG,IAAIC,UAAJ,CAAS;AACrBC,QAAAA,QAAQ,EAAC,QADY;AAErBC,QAAAA,KAAK,EAAC,iBAFe;AAGrBC,QAAAA,QAAQ,EAAC;AAHY,OAAT,CAAhB;;AAOA7B,oBAAK8B,OAAL,CAAaC,cAAb,EACCC,IADD,CACM,qBADN,EAECC,IAFD,CAEMR,OAFN,EAGCS,GAHD,CAGK,CAACC,GAAD,EAAMC,QAAN,KAAiB;AAClBA,QAAAA,QAAQ,CAACnC,MAAT,CAAgBoC,IAAhB,CAAqBC,MAArB,CAA4B,GAA5B;AACAF,QAAAA,QAAQ,CAACG,IAAT,CAActC,MAAd,CAAqBuC,EAArB,CAAwBC,CAAxB,CAA0B,QAA1B;AACAL,QAAAA,QAAQ,CAACG,IAAT,CAActC,MAAd,CAAqBoC,IAArB,CAA0BK,QAA1B,CAAmC,SAAnC,EAA8CC,GAA9C,CAAkD,eAAlD;AACJrC,QAAAA,IAAI;AACH,OARD;AASH,KAlBC,CAAF,CAP6C,CA2B7C;;AACA,UAAMsC,SAAS,GAAG;AACdjB,MAAAA,QAAQ,EAAC,QADK;AAEdE,MAAAA,QAAQ,EAAC;AAFK,KAAlB;AAKAL,IAAAA,EAAE,CAAC,cAAD,EAAkBlB,IAAD,IAAQ;AACvBN,oBAAK8B,OAAL,CAAaC,cAAb,EACCC,IADD,CACM,kBADN,EAECC,IAFD,CAEM;AAACN,QAAAA,QAAQ,EAACiB,SAAS,CAACjB,QAApB;AAA8BE,QAAAA,QAAQ,EAACe,SAAS,CAACf;AAAjD,OAFN,EAGCK,GAHD,CAGK,UAASC,GAAT,EAAcC,QAAd,EAAwB;AACzB,YAAID,GAAJ,EAAS,OAAO7B,IAAI,CAAC6B,GAAD,CAAX;AAETC,QAAAA,QAAQ,CAACnC,MAAT,CAAgBoC,IAAhB,CAAqBC,MAArB,CAA4B,GAA5B;AACAF,QAAAA,QAAQ,CAACG,IAAT,CAActC,MAAd,CAAqBuC,EAArB,CAAwBC,CAAxB,CAA0B,QAA1B;AACA5C,QAAAA,QAAQ,GAAGuC,QAAQ,CAACG,IAAT,CAAcM,KAAzB;AAEAvC,QAAAA,IAAI;AACP,OAXD;AAaH,KAdC,CAAF,CAjC6C,CAiD7C;;AACAkB,IAAAA,EAAE,CAAC,oBAAD,EAAwBlB,IAAD,IAAQ;AAC7B,YAAMwC,SAAS,GAAG,YAAYjD,QAA9B;;AAEAG,oBAAK8B,OAAL,CAAaC,cAAb,EACCC,IADD,CACM,YADN,EAGA;AAHA,OAICe,GAJD,CAIK,cAJL,EAIqB,qBAJrB,EAKCA,GALD,CAKK,eALL,EAKsB,YAAYlD,QALlC,EAMCmD,KAND,CAMO;AACHC,QAAAA,KAAK,EAAE,cADJ;AAEHC,QAAAA,OAAO,EAAE;AAFN,OANP,EAWCC,MAXD,CAWQ,QAXR,EAWkBC,YAAGC,YAAH,CAAgB,uCAAhB,CAXlB,EAW4E,sBAX5E,EAYCnB,GAZD,CAYK,UAASb,KAAT,EAAgBe,QAAhB,EAA0B;AAC3BA,QAAAA,QAAQ,CAACG,IAAT,CAActC,MAAd,CAAqBoC,IAArB,CAA0BK,QAA1B,CAAmC,IAAnC;AACAN,QAAAA,QAAQ,CAACnC,MAAT,CAAgBoC,IAAhB,CAAqBC,MAArB,CAA4B,GAA5B;AACAF,QAAAA,QAAQ,CAACG,IAAT,CAActC,MAAd,CAAqBuC,EAArB,CAAwBC,CAAxB,CAA0B,QAA1B;AACAL,QAAAA,QAAQ,CAACG,IAAT,CAActC,MAAd,CAAqBoC,IAArB,CAA0BK,QAA1B,CAAmC,SAAnC,EAA8CC,GAA9C,CAAkD,yBAAlD;AAGD7C,QAAAA,EAAE,GAAGsC,QAAQ,CAACG,IAAT,CAAczC,EAAnB;AAEHQ,QAAAA,IAAI;AACH,OAtBD;AAuBH,KA1BC,CAAF;AA6BAkB,IAAAA,EAAE,CAAC,mBAAD,EAAuBlB,IAAD,IAAQ;AAC5B,YAAMgD,MAAM,GAAGxD,EAAf;AAEA,YAAMyD,UAAU,GAAG,IAAIC,aAAJ,CAAY;AAC3BF,QAAAA,MAD2B;AAE3BG,QAAAA,WAAW,EAAC;AAFe,OAAZ,CAAnB;AAKAF,MAAAA,UAAU,CAACG,IAAX;;AAEA1D,oBAAK8B,OAAL,CAAaC,cAAb,EACCC,IADD,CACO,cAAasB,MAAO,UAD3B,EAECrB,IAFD,CAEMsB,UAFN,EAGCR,GAHD,CAGK,eAHL,EAGsB,YAAYlD,QAHlC,EAICqC,GAJD,CAIK,CAACC,GAAD,EAAMC,QAAN,KAAiB;AAClBA,QAAAA,QAAQ,CAACnC,MAAT,CAAgBoC,IAAhB,CAAqBC,MAArB,CAA4B,GAA5B;AACAF,QAAAA,QAAQ,CAACG,IAAT,CAActC,MAAd,CAAqBuC,EAArB,CAAwBC,CAAxB,CAA0B,QAA1B;AACAL,QAAAA,QAAQ,CAACG,IAAT,CAActC,MAAd,CAAqBoC,IAArB,CAA0BK,QAA1B,CAAmC,SAAnC;AAEA3C,QAAAA,GAAG,GAAGwD,UAAU,CAACzD,EAAjB;AAEJQ,QAAAA,IAAI;AACH,OAZD;AAaH,KAvBC,CAAF;AA0BAkB,IAAAA,EAAE,CAAC,uDAAD,EAA2DlB,IAAD,IAAQ;AAChE,YAAMgD,MAAM,GAAG,0BAAf;AACA,YAAMC,UAAU,GAAE;AACdD,QAAAA,MADc;AAEdG,QAAAA,WAAW,EAAC;AAFE,OAAlB;;AAIAzD,oBAAK8B,OAAL,CAAaC,cAAb,EACCC,IADD,CACO,cAAasB,MAAO,UAD3B,EAECrB,IAFD,CAEMsB,UAFN,EAGCR,GAHD,CAGK,eAHL,EAGsB,YAAYlD,QAHlC,EAICqC,GAJD,CAIK,CAACC,GAAD,EAAMC,QAAN,KAAiB;AAClBA,QAAAA,QAAQ,CAACnC,MAAT,CAAgBoC,IAAhB,CAAqBC,MAArB,CAA4B,GAA5B;AACAF,QAAAA,QAAQ,CAACG,IAAT,CAActC,MAAd,CAAqBuC,EAArB,CAAwBC,CAAxB,CAA0B,QAA1B;AACAL,QAAAA,QAAQ,CAACG,IAAT,CAActC,MAAd,CAAqBoC,IAArB,CAA0BK,QAA1B,CAAmC,SAAnC,EAA8CC,GAA9C,CAAkD,oBAAlD;AACJrC,QAAAA,IAAI;AACH,OATD;AAUH,KAhBC,CAAF;AAkBC,GA3HQ,CAAR;AA6HD;AACJ;AACA;;AAEIF,EAAAA,QAAQ,CAAC,4BAAD,EAA+B,MAAI;AAE3CoB,IAAAA,EAAE,CAAC,6CAAD,EAAiDlB,IAAD,IAAQ;AAClD,YAAMgD,MAAM,GAAGxD,EAAf;;AAEAE,oBAAK8B,OAAL,CAAaC,cAAb,EACC4B,GADD,CACM,cAAaL,MAAO,UAD1B,EAECrB,IAFD,CAEM;AAACqB,QAAAA;AAAD,OAFN,EAGCpB,GAHD,CAGK,CAACC,GAAD,EAAMC,QAAN,KAAiB;AAClBA,QAAAA,QAAQ,CAACnC,MAAT,CAAgBoC,IAAhB,CAAqBC,MAArB,CAA4B,GAA5B;AACAF,QAAAA,QAAQ,CAACG,IAAT,CAActC,MAAd,CAAqBoC,IAArB,CAA0BI,CAA1B,CAA4B,QAA5B;AACJnC,QAAAA,IAAI;AACH,OAPD;AAQP,KAXC,CAAF;AAaAkB,IAAAA,EAAE,CAAC,wCAAD,EAA4ClB,IAAD,IAAQ;AAEjD,YAAMgD,MAAM,GAAG,0BAAf;;AACAtD,oBAAK8B,OAAL,CAAaC,cAAb,EACC4B,GADD,CACM,cAAaL,MAAO,UAD1B,EAECrB,IAFD,CAEM;AAACqB,QAAAA;AAAD,OAFN,EAGCpB,GAHD,CAGK,CAACC,GAAD,EAAMC,QAAN,KAAiB;AAClBA,QAAAA,QAAQ,CAACnC,MAAT,CAAgBoC,IAAhB,CAAqBC,MAArB,CAA4B,GAA5B;AACAF,QAAAA,QAAQ,CAACG,IAAT,CAActC,MAAd,CAAqBoC,IAArB,CAA0BK,QAA1B,CAAmC,SAAnC,EAA8CC,GAA9C,CAAkD,gBAAlD;AACJrC,QAAAA,IAAI;AACH,OAPD;AAQH,KAXC,CAAF;AAcAkB,IAAAA,EAAE,CAAC,0BAAD,EAA8BlB,IAAD,IAAQ;AACnC,YAAMsD,SAAS,GAAG7D,GAAlB;;AACAC,oBAAK8B,OAAL,CAAaC,cAAb,EACC4B,GADD,CACM,iBAAgBC,SAAU,EADhC,EAEC3B,IAFD,CAEM;AAAC2B,QAAAA;AAAD,OAFN,EAGC1B,GAHD,CAGK,CAACC,GAAD,EAAMC,QAAN,KAAiB;AAClBA,QAAAA,QAAQ,CAACnC,MAAT,CAAgBoC,IAAhB,CAAqBC,MAArB,CAA4B,GAA5B;AACAF,QAAAA,QAAQ,CAACG,IAAT,CAActC,MAAd,CAAqBuC,EAArB,CAAwBC,CAAxB,CAA0B,QAA1B;AACAL,QAAAA,QAAQ,CAACG,IAAT,CAActC,MAAd,CAAqBoC,IAArB,CAA0BK,QAA1B,CAAmC,SAAnC;AACJpC,QAAAA,IAAI;AACH,OARD;AASH,KAXC,CAAF;AAaAkB,IAAAA,EAAE,CAAC,sCAAD,EAA0ClB,IAAD,IAAQ;AAC/C,YAAMsD,SAAS,GAAG,0BAAlB;;AACA5D,oBAAK8B,OAAL,CAAaC,cAAb,EACC4B,GADD,CACM,iBAAgBC,SAAU,EADhC,EAEC3B,IAFD,CAEM;AAAC2B,QAAAA;AAAD,OAFN,EAGC1B,GAHD,CAGK,CAACC,GAAD,EAAMC,QAAN,KAAiB;AAClBA,QAAAA,QAAQ,CAACnC,MAAT,CAAgBoC,IAAhB,CAAqBC,MAArB,CAA4B,GAA5B;AACAF,QAAAA,QAAQ,CAACG,IAAT,CAActC,MAAd,CAAqBuC,EAArB,CAAwBC,CAAxB,CAA0B,QAA1B;AACAL,QAAAA,QAAQ,CAACG,IAAT,CAActC,MAAd,CAAqBoC,IAArB,CAA0BK,QAA1B,CAAmC,SAAnC,EAA8CC,GAA9C,CAAkD,wBAAlD;AACJrC,QAAAA,IAAI;AACH,OARD;AASH,KAXC,CAAF;AAcC,GAxDO,CAAR;AA2DA;AACJ;AACA;;AAEIF,EAAAA,QAAQ,CAAC,0BAAD,EAA6B,MAAI;AACrCoB,IAAAA,EAAE,CAAC,2BAAD,EAA+BlB,IAAD,IAAQ;AACpC,YAAMsD,SAAS,GAAG7D,GAAlB;;AACAC,oBAAK8B,OAAL,CAAaC,cAAb,EACC8B,MADD,CACS,iBAAgBD,SAAU,EADnC,EAECb,GAFD,CAEK,eAFL,EAEsB,YAAYlD,QAFlC,EAGCqC,GAHD,CAGK,CAACC,GAAD,EAAMC,QAAN,KAAiB;AAClBA,QAAAA,QAAQ,CAACnC,MAAT,CAAgBoC,IAAhB,CAAqBC,MAArB,CAA4B,GAA5B;AAEJhC,QAAAA,IAAI;AACH,OAPD;AAQH,KAVC,CAAF;AAYAkB,IAAAA,EAAE,CAAC,sDAAD,EAA0DlB,IAAD,IAAQ;AAC/D,YAAMsD,SAAS,GAAG,0BAAlB;;AACA5D,oBAAK8B,OAAL,CAAaC,cAAb,EACC8B,MADD,CACS,iBAAgBD,SAAU,EADnC,EAECb,GAFD,CAEK,eAFL,EAEsB,YAAYlD,QAFlC,EAGCqC,GAHD,CAGK,CAACC,GAAD,EAAMC,QAAN,KAAiB;AAClBA,QAAAA,QAAQ,CAACnC,MAAT,CAAgBoC,IAAhB,CAAqBC,MAArB,CAA4B,GAA5B;AACAF,QAAAA,QAAQ,CAACG,IAAT,CAActC,MAAd,CAAqBoC,IAArB,CAA0BK,QAA1B,CAAmC,SAAnC,EAA8CC,GAA9C,CAAkD,uBAAlD;AACJrC,QAAAA,IAAI;AACH,OAPD;AAQH,KAVC,CAAF;AAYH,GAzBO,CAAR;AA0BH,CA/OO,CAAR","sourceRoot":"/home/nyakamwe/Desktop/my-brand-nyakamwe/server/src/test/","sourcesContent":["import mongoose from 'mongoose';\nimport chai,{expect} from 'chai';\nimport server from \"../index\";\nimport chaiHttp from \"chai-http\";\nimport {Post,Comment} from \"../models/Post\";\nrequire(\"dotenv\").config();\nimport fs from 'fs';\n\n//to mock a function during testing\nimport { User } from '../models/User';\n\nlet user, autToken, id, cId;\n\n//assertion style\nchai.should();\n\nchai.use(chaiHttp)  \n    \n    \ndescribe('Test for Comment Endpoints', ()=>{\n    before(function(done) {\n        // Connect to MongoDB database\n    const dbURI =`mongodb+srv://${process.env.DB_USER}:${process.env.DB_PASSWORD}@node-applications.fe4au.mongodb.net/node-tutorial?retryWrites=true&w=majority`\n    mongoose.connect(dbURI,{useNewUrlParser:true, useUnifiedTopology:true}).then((responseult)=>{\n\n            console.log('Db Connected!')\n\n            done();\n            \n        }).catch((error)=>{\n            console.log(error)\n        })\n\n\n    });  \n\n    /**\n    * POST comment route\n    */\n\n     describe('POST /api/posts/:id/comment', ()=>{\n         before(()=>{\n             mongoose.connection.dropCollection('users')\n             mongoose.connection.dropCollection('comments')\n         })\n\n        // create user and login \n    it('creates new user ', (done)=>{\n\n        const newUser = new User({\n            username:\"menase\",\n            email:\"menase@mail.com\",\n            password:\"password test\"\n       \n        })\n\n        chai.request(server)\n        .post(\"/api/users/register\")\n        .send(newUser)\n        .end((err, response)=>{\n            response.should.have.status(201);\n            response.body.should.be.a('object');\n            response.body.should.have.property('message').eql(\"user created!\");\n        done();   \n        })\n    })\n\n    // login\n    const logInUser = {\n        username:'menase',\n        password:'password test'\n    }\n\n    it('login a user', (done)=>{\n        chai.request(server)\n        .post('/api/users/login')\n        .send({username:logInUser.username, password:logInUser.password})\n        .end(function(err, response) {\n            if (err) return done(err);\n\n            response.should.have.status(200);\n            response.body.should.be.a('object');\n            autToken = response.body.Token\n            \n            done();\n        });\n\n    })\n\n    //post creation\n    it(\"creates a new post\", (done)=>{\n        const userToken = 'Bearer ' + autToken\n       \n        chai.request(server)\n        .post(\"/api/posts\")\n        \n        //set the auth header with our token\n        .set('Content-Type', 'multipart/form-data')\n        .set('Authorization', 'Bearer ' + autToken)\n        .field({\n            title: \"unit testing\",\n            content: \"I am testing nodejs api using mocha with chai assertion library\"\n            \n        })\n        .attach('poster', fs.readFileSync('/home/nyakamwe/Pictures/MPAMAVUTA.png'), 'images/MPAMAVUTA.jpg')\n        .end(function(error, response) {\n            response.body.should.have.property('id')\n            response.should.have.status(201);\n            response.body.should.be.a('object');\n            response.body.should.have.property('message').eql(\"Post Saved successfully\");\n\n            \n           id = response.body.id\n            \n        done();  \n        });\n    })\n    \n\n    it('comment on a post', (done)=>{\n        const postId = id;\n        \n        const newComment = new Comment({\n            postId,\n            description:\"testing a comment\"\n        });\n\n        newComment.save()\n\n        chai.request(server)\n        .post(`/api/posts/${postId}/comment`)\n        .send(newComment)\n        .set('Authorization', 'Bearer ' + autToken )\n        .end((err, response)=>{\n            response.should.have.status(201);\n            response.body.should.be.a('object');\n            response.body.should.have.property('comment')\n            \n            cId = newComment.id\n            \n        done();\n        })\n    })\n\n\n    it('handles when you want to comment on non existing post', (done)=>{\n        const postId = \"62597f8412f8da13b4e0a385\"\n        const newComment ={\n            postId,\n            description:\"testing a comment\"\n        };\n        chai.request(server)\n        .post(`/api/posts/${postId}/comment`)\n        .send(newComment)\n        .set('Authorization', 'Bearer ' + autToken )\n        .end((err, response)=>{\n            response.should.have.status(404);\n            response.body.should.be.a('object');\n            response.body.should.have.property('message').eql(\"Post not available\");\n        done();\n        })\n    })\n\n    })\n  \n    /**\n     * GET comment route\n    */\n\n    describe('GET /api/posts/:id/comment', ()=>{\n\n    it('shows all comments related to specific post', (done)=>{\n            const postId = id\n            \n            chai.request(server)\n            .get(`/api/posts/${postId}/comment`)\n            .send({postId})\n            .end((err, response)=>{\n                response.should.have.status(200);\n                response.body.should.have.a('object')\n            done();\n            })\n    })\n\n    it('show error when that post in not in DB', (done)=>{\n        \n        const postId = \"625b07c93cc2f2b0163f1a75\"\n        chai.request(server)\n        .get(`/api/posts/${postId}/comment`)\n        .send({postId})\n        .end((err, response)=>{\n            response.should.have.status(404);\n            response.body.should.have.property('message').eql(\"post not found\")\n        done();\n        })\n    })\n\n    \n    it('shows individual comment', (done)=>{\n        const commentId = cId\n        chai.request(server)\n        .get(`/api/comments/${commentId}`)\n        .send({commentId})\n        .end((err, response)=>{\n            response.should.have.status(200);\n            response.body.should.be.a('object')\n            response.body.should.have.property('comment')\n        done();\n        })\n    })\n\n    it('shows error for non existing comment', (done)=>{\n        const commentId = \"625943e64e9dd47477f9be96\"\n        chai.request(server)\n        .get(`/api/comments/${commentId}`)\n        .send({commentId})\n        .end((err, response)=>{\n            response.should.have.status(404);\n            response.body.should.be.a('object')\n            response.body.should.have.property('comment').eql(\"Comment Doesn't Exists\")\n        done();\n        })\n    })\n\n        \n    })\n\n\n    /**\n     * DELETE comment route\n     */\n\n    describe('DELETE /api/comments/:id', ()=>{\n        it('deletes comment on a post', (done)=>{\n            const commentId = cId\n            chai.request(server)\n            .delete(`/api/comments/${commentId}`)\n            .set('Authorization', 'Bearer ' + autToken )\n            .end((err, response)=>{\n                response.should.have.status(200);\n                \n            done();\n            })\n        })\n\n        it('handles when you want to delete non existing comment', (done)=>{\n            const commentId = \"625943e64e9dd47477f9be96\"\n            chai.request(server)\n            .delete(`/api/comments/${commentId}`)\n            .set('Authorization', 'Bearer ' + autToken )\n            .end((err, response)=>{\n                response.should.have.status(404);\n                response.body.should.have.property('message').eql(\"Comment doesn't exist\")\n            done();\n            })\n        })\n\n    })\n})    "]},"_coverageSchema":"1a1c01bbd47fc00a2c39e90264f33305004495a9","hash":"a549749787f3e3c2607bc6aec336bdd71cdb3fef","contentHash":"7df205cd17b8c87edf993abe8c5d40837ad51d1446fb0ccad5c4dc21323c3c63"},"/home/nyakamwe/Desktop/my-brand-nyakamwe/server/src/index.js":{"path":"/home/nyakamwe/Desktop/my-brand-nyakamwe/server/src/index.js","statementMap":{"0":{"start":{"line":3,"column":0},"end":{"line":5,"column":3}},"1":{"start":{"line":6,"column":0},"end":{"line":6,"column":25}},"2":{"start":{"line":8,"column":15},"end":{"line":8,"column":57}},"3":{"start":{"line":10,"column":12},"end":{"line":10,"column":51}},"4":{"start":{"line":12,"column":14},"end":{"line":12,"column":55}},"5":{"start":{"line":14,"column":24},"end":{"line":14,"column":77}},"6":{"start":{"line":16,"column":15},"end":{"line":16,"column":65}},"7":{"start":{"line":18,"column":16},"end":{"line":18,"column":35}},"8":{"start":{"line":20,"column":18},"end":{"line":20,"column":72}},"9":{"start":{"line":22,"column":18},"end":{"line":22,"column":72}},"10":{"start":{"line":24,"column":21},"end":{"line":24,"column":78}},"11":{"start":{"line":26,"column":21},"end":{"line":26,"column":78}},"12":{"start":{"line":28,"column":18},"end":{"line":28,"column":72}},"13":{"start":{"line":30,"column":39},"end":{"line":30,"column":93}},"14":{"start":{"line":32,"column":0},"end":{"line":32,"column":27}},"15":{"start":{"line":35,"column":12},"end":{"line":35,"column":35}},"16":{"start":{"line":36,"column":13},"end":{"line":36,"column":37}},"17":{"start":{"line":38,"column":0},"end":{"line":38,"column":33}},"18":{"start":{"line":40,"column":0},"end":{"line":40,"column":37}},"19":{"start":{"line":41,"column":0},"end":{"line":41,"column":37}},"20":{"start":{"line":42,"column":0},"end":{"line":42,"column":40}},"21":{"start":{"line":43,"column":0},"end":{"line":43,"column":40}},"22":{"start":{"line":44,"column":0},"end":{"line":44,"column":37}},"23":{"start":{"line":46,"column":0},"end":{"line":46,"column":37}},"24":{"start":{"line":47,"column":0},"end":{"line":47,"column":128}},"25":{"start":{"line":49,"column":0},"end":{"line":51,"column":4}},"26":{"start":{"line":59,"column":0},"end":{"line":59,"column":67}},"27":{"start":{"line":60,"column":0},"end":{"line":62,"column":4}},"28":{"start":{"line":63,"column":0},"end":{"line":63,"column":30}},"29":{"start":{"line":65,"column":14},"end":{"line":65,"column":157}},"30":{"start":{"line":67,"column":0},"end":{"line":74,"column":3}},"31":{"start":{"line":71,"column":2},"end":{"line":71,"column":31}},"32":{"start":{"line":73,"column":2},"end":{"line":73,"column":21}},"33":{"start":{"line":77,"column":15},"end":{"line":79,"column":2}},"34":{"start":{"line":78,"column":2},"end":{"line":78,"column":53}},"35":{"start":{"line":81,"column":0},"end":{"line":81,"column":27}}},"fnMap":{"0":{"name":"_interopRequireDefault","decl":{"start":{"line":30,"column":9},"end":{"line":30,"column":31}},"loc":{"start":{"line":30,"column":37},"end":{"line":30,"column":95}},"line":30},"1":{"name":"(anonymous_1)","decl":{"start":{"line":70,"column":8},"end":{"line":70,"column":9}},"loc":{"start":{"line":70,"column":18},"end":{"line":72,"column":1}},"line":70},"2":{"name":"(anonymous_2)","decl":{"start":{"line":72,"column":9},"end":{"line":72,"column":10}},"loc":{"start":{"line":72,"column":18},"end":{"line":74,"column":1}},"line":72},"3":{"name":"(anonymous_3)","decl":{"start":{"line":77,"column":32},"end":{"line":77,"column":33}},"loc":{"start":{"line":77,"column":38},"end":{"line":79,"column":1}},"line":77}},"branchMap":{"0":{"loc":{"start":{"line":30,"column":46},"end":{"line":30,"column":92}},"type":"cond-expr","locations":[{"start":{"line":30,"column":70},"end":{"line":30,"column":73}},{"start":{"line":30,"column":76},"end":{"line":30,"column":92}}],"line":30},"1":{"loc":{"start":{"line":30,"column":46},"end":{"line":30,"column":67}},"type":"binary-expr","locations":[{"start":{"line":30,"column":46},"end":{"line":30,"column":49}},{"start":{"line":30,"column":53},"end":{"line":30,"column":67}}],"line":30},"2":{"loc":{"start":{"line":36,"column":13},"end":{"line":36,"column":37}},"type":"binary-expr","locations":[{"start":{"line":36,"column":13},"end":{"line":36,"column":29}},{"start":{"line":36,"column":33},"end":{"line":36,"column":37}}],"line":36}},"s":{"0":1,"1":1,"2":1,"3":1,"4":1,"5":1,"6":1,"7":1,"8":1,"9":1,"10":1,"11":1,"12":1,"13":10,"14":1,"15":1,"16":1,"17":1,"18":1,"19":1,"20":1,"21":1,"22":1,"23":1,"24":1,"25":1,"26":1,"27":1,"28":1,"29":1,"30":1,"31":1,"32":0,"33":1,"34":1,"35":1},"f":{"0":10,"1":1,"2":0,"3":1},"b":{"0":[5,5],"1":[10,10],"2":[1,0]},"inputSourceMap":{"version":3,"sources":["index.js"],"names":["require","config","app","port","process","env","PORT","use","express","json","routes","userroutes","contactroutes","commentroutes","likeroutes","swaggerUI","serve","setup","swaggerDoc","explorer","static","urlencoded","extended","dbURI","DB_USER","DB_PASSWORD","mongoose","connect","useNewUrlParser","useUnifiedTopology","then","result","console","log","catch","error","listen"],"mappings":";;;;;;;AAAA;;AACA;;AACA;;AAEA;;AACA;;AACA;;AAGA;;AACA;;AACA;;AACA;;AACA;;;;AAVAA,OAAO,CAAC,QAAD,CAAP,CAAkBC,MAAlB;;AAYA;AACA,MAAMC,GAAG,GAAE,uBAAX;AAEA,MAAMC,IAAI,GAAGC,OAAO,CAACC,GAAR,CAAYC,IAAZ,IAAoB,IAAjC,C,CAEA;;AACAJ,GAAG,CAACK,GAAJ,CAAQC,iBAAQC,IAAR,EAAR,E,CAIA;;AACAP,GAAG,CAACK,GAAJ,CAAQ,MAAR,EAAgBG,mBAAhB;AACAR,GAAG,CAACK,GAAJ,CAAQ,MAAR,EAAgBI,mBAAhB;AACAT,GAAG,CAACK,GAAJ,CAAQ,MAAR,EAAgBK,sBAAhB;AACAV,GAAG,CAACK,GAAJ,CAAQ,MAAR,EAAgBM,sBAAhB;AACAX,GAAG,CAACK,GAAJ,CAAQ,MAAR,EAAgBO,mBAAhB,E,CAGA;;AACAZ,GAAG,CAACK,GAAJ,CAAQ,qBAAO,KAAP,CAAR;AACAL,GAAG,CAACK,GAAJ,CAAQ,OAAR,EAAiBG,mBAAjB,EAAyBC,mBAAzB,EAAqCC,sBAArC,EAAoDC,sBAApD,EAAmEC,mBAAnE,E,CAEA;;AACAZ,GAAG,CAACK,GAAJ,CACC,EADD,EAECQ,0BAAUC,KAFX,EAGCD,0BAAUE,KAAV,CAAgBC,gBAAhB,EAA4B;AAAEC,EAAAA,QAAQ,EAAE;AAAZ,CAA5B,CAHD,E,CAMA;AACA;AACA;AACA;AACA;AACA;AAGA;;AACAjB,GAAG,CAACK,GAAJ,CAAQ,SAAR,EAAmBC,iBAAQY,MAAR,CAAe,qBAAf,CAAnB;AAEAlB,GAAG,CAACK,GAAJ,CAAQC,iBAAQa,UAAR,CAAmB;AAACC,EAAAA,QAAQ,EAAC;AAAV,CAAnB,CAAR;AAEApB,GAAG,CAACK,GAAJ,CAAQ,oBAAR,E,CAGA;;AACA,MAAMgB,KAAK,GAAG,iBAAgBnB,OAAO,CAACC,GAAR,CAAYmB,OAAQ,IAAGpB,OAAO,CAACC,GAAR,CAAYoB,WAAY,gFAA7E;;AACAC,mBAASC,OAAT,CAAiBJ,KAAjB,EAAuB;AAACK,EAAAA,eAAe,EAAC,IAAjB;AAAuBC,EAAAA,kBAAkB,EAAC;AAA1C,CAAvB,EAAwEC,IAAxE,CAA8EC,MAAD,IAAU;AAE/EC,EAAAA,OAAO,CAACC,GAAR,CAAY,eAAZ;AAEH,CAJL,EAIOC,KAJP,CAIcC,KAAD,IAAS;AACdH,EAAAA,OAAO,CAACC,GAAR,CAAYE,KAAZ;AACH,CANL,E,CAQA;;;eACejC,GAAG,CAACkC,MAAJ,CAAWjC,IAAX,EAAiB,MAAI;AAChC6B,EAAAA,OAAO,CAACC,GAAR,CAAY,iCAAiC9B,IAA7C;AAEH,CAHc,C","sourceRoot":"/home/nyakamwe/Desktop/my-brand-nyakamwe/server/src/","sourcesContent":["import express from 'express'\nimport cors from 'cors'\nimport morgan from \"morgan\";\nrequire(\"dotenv\").config();\nimport swaggerUI from 'swagger-ui-express'\nimport swaggerDoc from \"../swagger.json\";\nimport {mongoose} from 'mongoose'\n\n// getting routes\nimport routes from \"./routes/PostRoutes\"\nimport userroutes from \"./routes/UserRoutes\"\nimport contactroutes from \"./routes/MessageRoutes\"\nimport commentroutes from \"./routes/CommentRoutes\"\nimport likeroutes from \"./routes/LikeRoutes\"\n\n//creating express app\nconst app =express();\n\nconst port = process.env.PORT || 3000\n\n// allow to pass json into body\napp.use(express.json());\n\n\n\n//routing routes\napp.use(\"/api\", routes);\napp.use(\"/api\", userroutes);\napp.use(\"/api\", contactroutes);\napp.use(\"/api\", commentroutes);\napp.use(\"/api\", likeroutes);\n\n\n//swagger documentation\napp.use(morgan(\"dev\"));\napp.use(\"/api/\", routes, userroutes, contactroutes, commentroutes, likeroutes);\n\n// set swagger doc as default route\napp.use(\n\t\"\",\n\tswaggerUI.serve,\n\tswaggerUI.setup(swaggerDoc, { explorer: true })\n);\n\n// app.use(\"*\", (req, res, next) => {\n// \tres.status(404).json({\n// \t\terror: \"NOT FOUND\",\n// \t});\n// \tnext()\n// });\n\n\n//serve static images\napp.use(\"/poster\", express.static(\"uploads/blog/images\"))\n\napp.use(express.urlencoded({extended:true}))\n\napp.use(cors())\n\n\n// Connect to MongoDB database\nconst dbURI =`mongodb+srv://${process.env.DB_USER}:${process.env.DB_PASSWORD}@node-applications.fe4au.mongodb.net/node-tutorial?retryWrites=true&w=majority`\nmongoose.connect(dbURI,{useNewUrlParser:true, useUnifiedTopology:true}).then((result)=>{\n\n        console.log('Db Connected!')\n\t\t\n    }).catch((error)=>{\n        console.log(error)\n    })\n    \n//listening to the request on server\nexport default app.listen(port, ()=>{\n    console.log('Server started listening on ' + port)\n  \n});    "]},"_coverageSchema":"1a1c01bbd47fc00a2c39e90264f33305004495a9","hash":"ae623d052f101966b45fef5cc622d08dff056af5","contentHash":"c92b41adb42776300228c546ae48ba6c061d5c7fa81ba080d7503dc3a7407fa6"},"/home/nyakamwe/Desktop/my-brand-nyakamwe/server/src/routes/PostRoutes.js":{"path":"/home/nyakamwe/Desktop/my-brand-nyakamwe/server/src/routes/PostRoutes.js","statementMap":{"0":{"start":{"line":3,"column":0},"end":{"line":5,"column":3}},"1":{"start":{"line":6,"column":0},"end":{"line":6,"column":25}},"2":{"start":{"line":8,"column":15},"end":{"line":8,"column":57}},"3":{"start":{"line":10,"column":20},"end":{"line":10,"column":70}},"4":{"start":{"line":12,"column":25},"end":{"line":12,"column":71}},"5":{"start":{"line":14,"column":23},"end":{"line":14,"column":64}},"6":{"start":{"line":16,"column":39},"end":{"line":16,"column":93}},"7":{"start":{"line":18,"column":15},"end":{"line":18,"column":40}},"8":{"start":{"line":21,"column":0},"end":{"line":21,"column":52}},"9":{"start":{"line":23,"column":0},"end":{"line":23,"column":130}},"10":{"start":{"line":25,"column":0},"end":{"line":25,"column":94}},"11":{"start":{"line":27,"column":0},"end":{"line":27,"column":135}},"12":{"start":{"line":29,"column":0},"end":{"line":29,"column":96}},"13":{"start":{"line":30,"column":15},"end":{"line":30,"column":21}},"14":{"start":{"line":31,"column":0},"end":{"line":31,"column":27}}},"fnMap":{"0":{"name":"_interopRequireDefault","decl":{"start":{"line":16,"column":9},"end":{"line":16,"column":31}},"loc":{"start":{"line":16,"column":37},"end":{"line":16,"column":95}},"line":16}},"branchMap":{"0":{"loc":{"start":{"line":16,"column":46},"end":{"line":16,"column":92}},"type":"cond-expr","locations":[{"start":{"line":16,"column":70},"end":{"line":16,"column":73}},{"start":{"line":16,"column":76},"end":{"line":16,"column":92}}],"line":16},"1":{"loc":{"start":{"line":16,"column":46},"end":{"line":16,"column":67}},"type":"binary-expr","locations":[{"start":{"line":16,"column":46},"end":{"line":16,"column":49}},{"start":{"line":16,"column":53},"end":{"line":16,"column":67}}],"line":16}},"s":{"0":1,"1":1,"2":1,"3":1,"4":1,"5":1,"6":2,"7":1,"8":1,"9":1,"10":1,"11":1,"12":1,"13":1,"14":1},"f":{"0":2},"b":{"0":[1,1],"1":[2,2]},"inputSourceMap":{"version":3,"sources":["PostRoutes.js"],"names":["router","express","Router","get","post_get_all","post","authenticateToken","upload","single","post_create","post_get_one","patch","post_update","delete","post_delete"],"mappings":";;;;;;;AAAA;;AAIA;;AAEA;;AAEA;;;;AANA,MAAMA,MAAM,GAAGC,iBAAQC,MAAR,EAAf;;AASA;AACAF,MAAM,CAACG,GAAP,CAAW,QAAX,EAAsBC,6BAAtB,E,CAEA;;AACAJ,MAAM,CAACK,IAAP,CAAY,QAAZ,EAAsBC,oCAAtB,EAAyCC,sBAAOC,MAAP,CAAc,QAAd,CAAzC,EAAmEC,4BAAnE,E,CAEA;;AACAT,MAAM,CAACG,GAAP,CAAW,YAAX,EAAyBG,oCAAzB,EAA4CI,6BAA5C,E,CAEA;;AACAV,MAAM,CAACW,KAAP,CAAa,YAAb,EAA2BL,oCAA3B,EAA8CC,sBAAOC,MAAP,CAAc,QAAd,CAA9C,EAAuEI,4BAAvE,E,CAEA;;AACAZ,MAAM,CAACa,MAAP,CAAc,YAAd,EAA4BP,oCAA5B,EAA+CQ,4BAA/C;eAKed,M","sourceRoot":"/home/nyakamwe/Desktop/my-brand-nyakamwe/server/src/routes/","sourcesContent":["import express from 'express';\n\nconst router = express.Router();\n\nimport upload from '../uploadConfig';\n\nimport {authenticateToken} from \"../AuthMiddleWare/AuthenticateToken\"\n\nimport {post_get_all, post_create, post_get_one, post_update, post_delete} from '../controllers/postControllers'\n\n\n// Get all posts\nrouter.get(\"/posts\",  post_get_all);\n\n// create post\nrouter.post(\"/posts\", authenticateToken, upload.single('poster'),  post_create);\n\n// getting individual post\nrouter.get(\"/posts/:id\", authenticateToken, post_get_one)\n\n// updating post\nrouter.patch(\"/posts/:id\", authenticateToken, upload.single('poster'), post_update)\n\n// delete post\nrouter.delete(\"/posts/:id\", authenticateToken, post_delete)\n\n\n\n\nexport default router\n"]},"_coverageSchema":"1a1c01bbd47fc00a2c39e90264f33305004495a9","hash":"8c1482c6713956f53dfb3982e5f5d4d0dc8d3e3a","contentHash":"bb62a67b8b2cd1db41624bba75eea0800ac533510270b32190cad2b84c41e1f1"},"/home/nyakamwe/Desktop/my-brand-nyakamwe/server/src/uploadConfig.js":{"path":"/home/nyakamwe/Desktop/my-brand-nyakamwe/server/src/uploadConfig.js","statementMap":{"0":{"start":{"line":3,"column":0},"end":{"line":5,"column":3}},"1":{"start":{"line":6,"column":0},"end":{"line":6,"column":25}},"2":{"start":{"line":8,"column":14},"end":{"line":8,"column":55}},"3":{"start":{"line":10,"column":12},"end":{"line":10,"column":51}},"4":{"start":{"line":12,"column":39},"end":{"line":12,"column":93}},"5":{"start":{"line":15,"column":16},"end":{"line":20,"column":2}},"6":{"start":{"line":18,"column":4},"end":{"line":18,"column":98}},"7":{"start":{"line":23,"column":15},"end":{"line":25,"column":2}},"8":{"start":{"line":32,"column":15},"end":{"line":32,"column":21}},"9":{"start":{"line":33,"column":0},"end":{"line":33,"column":27}}},"fnMap":{"0":{"name":"_interopRequireDefault","decl":{"start":{"line":12,"column":9},"end":{"line":12,"column":31}},"loc":{"start":{"line":12,"column":37},"end":{"line":12,"column":95}},"line":12},"1":{"name":"(anonymous_1)","decl":{"start":{"line":17,"column":12},"end":{"line":17,"column":13}},"loc":{"start":{"line":17,"column":31},"end":{"line":19,"column":3}},"line":17}},"branchMap":{"0":{"loc":{"start":{"line":12,"column":46},"end":{"line":12,"column":92}},"type":"cond-expr","locations":[{"start":{"line":12,"column":70},"end":{"line":12,"column":73}},{"start":{"line":12,"column":76},"end":{"line":12,"column":92}}],"line":12},"1":{"loc":{"start":{"line":12,"column":46},"end":{"line":12,"column":67}},"type":"binary-expr","locations":[{"start":{"line":12,"column":46},"end":{"line":12,"column":49}},{"start":{"line":12,"column":53},"end":{"line":12,"column":67}}],"line":12}},"s":{"0":1,"1":1,"2":1,"3":1,"4":2,"5":1,"6":2,"7":1,"8":1,"9":1},"f":{"0":2,"1":2},"b":{"0":[0,2],"1":[2,2]},"inputSourceMap":{"version":3,"sources":["uploadConfig.js"],"names":["storage","multer","diskStorage","destination","filename","req","file","cb","fieldname","Date","now","path","extname","originalname","upload"],"mappings":";;;;;;;AAAA;;AACA;;;;AAGA;AACA,MAAMA,OAAO,GAAGC,gBAAOC,WAAP,CAAmB;AAC/BC,EAAAA,WAAW,EAAC,uBADmB;AAE/BC,EAAAA,QAAQ,EAAC,CAACC,GAAD,EAAMC,IAAN,EAAYC,EAAZ,KAAiB;AACtB,WAAOA,EAAE,CAAC,IAAD,EAAQ,GAAED,IAAI,CAACE,SAAU,IAAGC,IAAI,CAACC,GAAL,EAAW,GAAEC,cAAKC,OAAL,CAAaN,IAAI,CAACO,YAAlB,CAAgC,EAAzE,CAAT;AACH;AAJ8B,CAAnB,CAAhB,C,CAQA;;;AACA,MAAMC,MAAM,GAAG,qBAAO;AACrBd,EAAAA,OAAO,EAACA;AADa,CAAP,CAAf,C,CAKA;AACA;AACA;AACA;AACA;AACA;;eAEec,M","sourceRoot":"/home/nyakamwe/Desktop/my-brand-nyakamwe/server/src/","sourcesContent":["import multer from 'multer';\nimport path from 'path';\n\n\n//storage engine\nconst storage = multer.diskStorage({\n    destination:'./uploads/blog/images',\n    filename:(req, file, cb)=>{\n        return cb(null, `${file.fieldname}_${Date.now()}${path.extname(file.originalname)}`)\n    }\n    \n})\n\n//upload image\nconst upload = multer({\n\tstorage:storage\n})\n\n\n// app.post('/upload', upload.single('poster'), (req, res)=>{\n// \tres.json({\n//         success:1,\n//         posterUrl:`http://localhost:3000/poster/${req.file.filename}`\n//     })\n// })    \n\nexport default upload"]},"_coverageSchema":"1a1c01bbd47fc00a2c39e90264f33305004495a9","hash":"aade7c4b67fcb4d577d741bca4b4a88edc5eb319","contentHash":"ae1379d87474b7b37b9feef31f85dfc7f76fecc23ade72cf4d488ec23b906679"},"/home/nyakamwe/Desktop/my-brand-nyakamwe/server/src/AuthMiddleWare/AuthenticateToken.js":{"path":"/home/nyakamwe/Desktop/my-brand-nyakamwe/server/src/AuthMiddleWare/AuthenticateToken.js","statementMap":{"0":{"start":{"line":3,"column":0},"end":{"line":5,"column":3}},"1":{"start":{"line":6,"column":0},"end":{"line":6,"column":46}},"2":{"start":{"line":8,"column":20},"end":{"line":8,"column":67}},"3":{"start":{"line":10,"column":39},"end":{"line":10,"column":93}},"4":{"start":{"line":13,"column":21},"end":{"line":13,"column":49}},"5":{"start":{"line":14,"column":16},"end":{"line":14,"column":54}},"6":{"start":{"line":15,"column":2},"end":{"line":17,"column":5}},"7":{"start":{"line":15,"column":21},"end":{"line":17,"column":5}},"8":{"start":{"line":19,"column":2},"end":{"line":26,"column":5}},"9":{"start":{"line":21,"column":4},"end":{"line":23,"column":7}},"10":{"start":{"line":21,"column":15},"end":{"line":23,"column":7}},"11":{"start":{"line":24,"column":4},"end":{"line":24,"column":20}},"12":{"start":{"line":25,"column":4},"end":{"line":25,"column":11}}},"fnMap":{"0":{"name":"_interopRequireDefault","decl":{"start":{"line":10,"column":9},"end":{"line":10,"column":31}},"loc":{"start":{"line":10,"column":37},"end":{"line":10,"column":95}},"line":10},"1":{"name":"authenticateToken","decl":{"start":{"line":12,"column":9},"end":{"line":12,"column":26}},"loc":{"start":{"line":12,"column":43},"end":{"line":27,"column":1}},"line":12},"2":{"name":"(anonymous_2)","decl":{"start":{"line":19,"column":71},"end":{"line":19,"column":72}},"loc":{"start":{"line":19,"column":88},"end":{"line":26,"column":3}},"line":19}},"branchMap":{"0":{"loc":{"start":{"line":10,"column":46},"end":{"line":10,"column":92}},"type":"cond-expr","locations":[{"start":{"line":10,"column":70},"end":{"line":10,"column":73}},{"start":{"line":10,"column":76},"end":{"line":10,"column":92}}],"line":10},"1":{"loc":{"start":{"line":10,"column":46},"end":{"line":10,"column":67}},"type":"binary-expr","locations":[{"start":{"line":10,"column":46},"end":{"line":10,"column":49}},{"start":{"line":10,"column":53},"end":{"line":10,"column":67}}],"line":10},"2":{"loc":{"start":{"line":14,"column":16},"end":{"line":14,"column":54}},"type":"binary-expr","locations":[{"start":{"line":14,"column":16},"end":{"line":14,"column":26}},{"start":{"line":14,"column":30},"end":{"line":14,"column":54}}],"line":14},"3":{"loc":{"start":{"line":15,"column":2},"end":{"line":17,"column":5}},"type":"if","locations":[{"start":{"line":15,"column":2},"end":{"line":17,"column":5}},{"start":{"line":15,"column":2},"end":{"line":17,"column":5}}],"line":15},"4":{"loc":{"start":{"line":21,"column":4},"end":{"line":23,"column":7}},"type":"if","locations":[{"start":{"line":21,"column":4},"end":{"line":23,"column":7}},{"start":{"line":21,"column":4},"end":{"line":23,"column":7}}],"line":21}},"s":{"0":1,"1":1,"2":1,"3":1,"4":15,"5":15,"6":15,"7":0,"8":15,"9":15,"10":1,"11":14,"12":14},"f":{"0":1,"1":15,"2":15},"b":{"0":[0,1],"1":[1,1],"2":[15,15],"3":[0,15],"4":[1,14]},"inputSourceMap":{"version":3,"sources":["AuthenticateToken.js"],"names":["authenticateToken","req","res","next","authHeader","headers","token","split","status","json","message","jwt","verify","process","env","ACCESS_TOKEN_SECRET","error","user"],"mappings":";;;;;;;AAAA;;;;AAGO,SAASA,iBAAT,CAA2BC,GAA3B,EAAgCC,GAAhC,EAAqCC,IAArC,EAA0C;AAChD,QAAMC,UAAU,GAAGH,GAAG,CAACI,OAAJ,CAAY,eAAZ,CAAnB;AACA,QAAMC,KAAK,GAAGF,UAAU,IAAIA,UAAU,CAACG,KAAX,CAAiB,GAAjB,EAAsB,CAAtB,CAA5B;AACA,MAAGD,KAAK,IAAI,IAAZ,EAAkB,OAAOJ,GAAG,CAACM,MAAJ,CAAW,GAAX,EAAgBC,IAAhB,CAAqB;AAACC,IAAAA,OAAO,EAAC;AAAT,GAArB,CAAP;;AAElBC,wBAAIC,MAAJ,CAAWN,KAAX,EAAkBO,OAAO,CAACC,GAAR,CAAYC,mBAA9B,EAAmD,CAACC,KAAD,EAAQC,IAAR,KAAe;AACjE;AAEA,QAAGD,KAAH,EAAU,OAAOd,GAAG,CAACM,MAAJ,CAAW,GAAX,EAAgBC,IAAhB,CAAqB;AAACC,MAAAA,OAAO,EAAC;AAAT,KAArB,CAAP;AAEVT,IAAAA,GAAG,CAACgB,IAAJ,GAAWA,IAAX;AAEAd,IAAAA,IAAI;AACJ,GARD;AASA","sourceRoot":"/home/nyakamwe/Desktop/my-brand-nyakamwe/server/src/AuthMiddleWare/","sourcesContent":["import jwt from 'jsonwebtoken'\n\n\nexport function authenticateToken(req, res, next){\n\tconst authHeader = req.headers['authorization']\n\tconst token = authHeader && authHeader.split(' ')[1]\n\tif(token == null) return res.status(401).json({message:'Token is required'})\n\n\tjwt.verify(token, process.env.ACCESS_TOKEN_SECRET, (error, user)=>{\n\t\t// console.log(error.message)\n\t\n\t\tif(error) return res.status(403).json({message:\"Invalid Token\"})\n\n\t\treq.user = user;\n\t\t\n\t\tnext();\n\t})\n}\n"]},"_coverageSchema":"1a1c01bbd47fc00a2c39e90264f33305004495a9","hash":"90e22748d08f2cbc5c6a8b7e639a85ea3d5d7898","contentHash":"69d787c78dd149bf12fcacad89411d566f221f984a0e3d00c5712a66a2d73946"},"/home/nyakamwe/Desktop/my-brand-nyakamwe/server/src/controllers/postControllers.js":{"path":"/home/nyakamwe/Desktop/my-brand-nyakamwe/server/src/controllers/postControllers.js","statementMap":{"0":{"start":{"line":3,"column":0},"end":{"line":5,"column":3}},"1":{"start":{"line":6,"column":0},"end":{"line":6,"column":119}},"2":{"start":{"line":8,"column":12},"end":{"line":8,"column":37}},"3":{"start":{"line":10,"column":23},"end":{"line":10,"column":84}},"4":{"start":{"line":12,"column":39},"end":{"line":12,"column":93}},"5":{"start":{"line":16,"column":21},"end":{"line":25,"column":1}},"6":{"start":{"line":17,"column":16},"end":{"line":19,"column":4}},"7":{"start":{"line":20,"column":2},"end":{"line":24,"column":5}},"8":{"start":{"line":28,"column":0},"end":{"line":28,"column":36}},"9":{"start":{"line":30,"column":20},"end":{"line":65,"column":1}},"10":{"start":{"line":31,"column":2},"end":{"line":64,"column":3}},"11":{"start":{"line":32,"column":4},"end":{"line":59,"column":5}},"12":{"start":{"line":33,"column":6},"end":{"line":35,"column":9}},"13":{"start":{"line":38,"column":25},"end":{"line":42,"column":8}},"14":{"start":{"line":45,"column":19},"end":{"line":49,"column":8}},"15":{"start":{"line":50,"column":6},"end":{"line":50,"column":24}},"16":{"start":{"line":51,"column":6},"end":{"line":51,"column":24}},"17":{"start":{"line":52,"column":6},"end":{"line":58,"column":9}},"18":{"start":{"line":61,"column":4},"end":{"line":63,"column":7}},"19":{"start":{"line":68,"column":0},"end":{"line":68,"column":34}},"20":{"start":{"line":70,"column":21},"end":{"line":91,"column":1}},"21":{"start":{"line":71,"column":2},"end":{"line":90,"column":3}},"22":{"start":{"line":72,"column":17},"end":{"line":74,"column":6}},"23":{"start":{"line":76,"column":4},"end":{"line":80,"column":5}},"24":{"start":{"line":77,"column":6},"end":{"line":79,"column":9}},"25":{"start":{"line":82,"column":4},"end":{"line":85,"column":7}},"26":{"start":{"line":87,"column":4},"end":{"line":89,"column":7}},"27":{"start":{"line":94,"column":0},"end":{"line":94,"column":36}},"28":{"start":{"line":96,"column":20},"end":{"line":133,"column":1}},"29":{"start":{"line":97,"column":2},"end":{"line":132,"column":3}},"30":{"start":{"line":98,"column":17},"end":{"line":100,"column":6}},"31":{"start":{"line":102,"column":4},"end":{"line":127,"column":5}},"32":{"start":{"line":103,"column":6},"end":{"line":122,"column":7}},"33":{"start":{"line":104,"column":27},"end":{"line":108,"column":10}},"34":{"start":{"line":109,"column":8},"end":{"line":109,"column":99}},"35":{"start":{"line":110,"column":8},"end":{"line":110,"column":37}},"36":{"start":{"line":111,"column":8},"end":{"line":111,"column":20}},"37":{"start":{"line":112,"column":8},"end":{"line":114,"column":11}},"38":{"start":{"line":116,"column":8},"end":{"line":116,"column":99}},"39":{"start":{"line":117,"column":8},"end":{"line":117,"column":34}},"40":{"start":{"line":118,"column":8},"end":{"line":118,"column":20}},"41":{"start":{"line":119,"column":8},"end":{"line":121,"column":11}},"42":{"start":{"line":124,"column":6},"end":{"line":126,"column":9}},"43":{"start":{"line":129,"column":4},"end":{"line":131,"column":7}},"44":{"start":{"line":136,"column":0},"end":{"line":136,"column":34}},"45":{"start":{"line":138,"column":20},"end":{"line":157,"column":1}},"46":{"start":{"line":139,"column":2},"end":{"line":156,"column":3}},"47":{"start":{"line":140,"column":17},"end":{"line":140,"column":57}},"48":{"start":{"line":142,"column":4},"end":{"line":151,"column":5}},"49":{"start":{"line":143,"column":6},"end":{"line":143,"column":26}},"50":{"start":{"line":144,"column":6},"end":{"line":146,"column":9}},"51":{"start":{"line":148,"column":6},"end":{"line":150,"column":9}},"52":{"start":{"line":153,"column":4},"end":{"line":155,"column":7}},"53":{"start":{"line":159,"column":0},"end":{"line":159,"column":34}}},"fnMap":{"0":{"name":"_interopRequireDefault","decl":{"start":{"line":12,"column":9},"end":{"line":12,"column":31}},"loc":{"start":{"line":12,"column":37},"end":{"line":12,"column":95}},"line":12},"1":{"name":"(anonymous_1)","decl":{"start":{"line":16,"column":21},"end":{"line":16,"column":22}},"loc":{"start":{"line":16,"column":41},"end":{"line":25,"column":1}},"line":16},"2":{"name":"(anonymous_2)","decl":{"start":{"line":30,"column":20},"end":{"line":30,"column":21}},"loc":{"start":{"line":30,"column":40},"end":{"line":65,"column":1}},"line":30},"3":{"name":"(anonymous_3)","decl":{"start":{"line":70,"column":21},"end":{"line":70,"column":22}},"loc":{"start":{"line":70,"column":41},"end":{"line":91,"column":1}},"line":70},"4":{"name":"(anonymous_4)","decl":{"start":{"line":96,"column":20},"end":{"line":96,"column":21}},"loc":{"start":{"line":96,"column":40},"end":{"line":133,"column":1}},"line":96},"5":{"name":"(anonymous_5)","decl":{"start":{"line":138,"column":20},"end":{"line":138,"column":21}},"loc":{"start":{"line":138,"column":40},"end":{"line":157,"column":1}},"line":138}},"branchMap":{"0":{"loc":{"start":{"line":12,"column":46},"end":{"line":12,"column":92}},"type":"cond-expr","locations":[{"start":{"line":12,"column":70},"end":{"line":12,"column":73}},{"start":{"line":12,"column":76},"end":{"line":12,"column":92}}],"line":12},"1":{"loc":{"start":{"line":12,"column":46},"end":{"line":12,"column":67}},"type":"binary-expr","locations":[{"start":{"line":12,"column":46},"end":{"line":12,"column":49}},{"start":{"line":12,"column":53},"end":{"line":12,"column":67}}],"line":12},"2":{"loc":{"start":{"line":32,"column":4},"end":{"line":59,"column":5}},"type":"if","locations":[{"start":{"line":32,"column":4},"end":{"line":59,"column":5}},{"start":{"line":32,"column":4},"end":{"line":59,"column":5}}],"line":32},"3":{"loc":{"start":{"line":32,"column":8},"end":{"line":32,"column":56}},"type":"binary-expr","locations":[{"start":{"line":32,"column":8},"end":{"line":32,"column":29}},{"start":{"line":32,"column":33},"end":{"line":32,"column":56}}],"line":32},"4":{"loc":{"start":{"line":76,"column":4},"end":{"line":80,"column":5}},"type":"if","locations":[{"start":{"line":76,"column":4},"end":{"line":80,"column":5}},{"start":{"line":76,"column":4},"end":{"line":80,"column":5}}],"line":76},"5":{"loc":{"start":{"line":102,"column":4},"end":{"line":127,"column":5}},"type":"if","locations":[{"start":{"line":102,"column":4},"end":{"line":127,"column":5}},{"start":{"line":102,"column":4},"end":{"line":127,"column":5}}],"line":102},"6":{"loc":{"start":{"line":103,"column":6},"end":{"line":122,"column":7}},"type":"if","locations":[{"start":{"line":103,"column":6},"end":{"line":122,"column":7}},{"start":{"line":103,"column":6},"end":{"line":122,"column":7}}],"line":103},"7":{"loc":{"start":{"line":109,"column":21},"end":{"line":109,"column":49}},"type":"binary-expr","locations":[{"start":{"line":109,"column":21},"end":{"line":109,"column":35}},{"start":{"line":109,"column":39},"end":{"line":109,"column":49}}],"line":109},"8":{"loc":{"start":{"line":109,"column":66},"end":{"line":109,"column":98}},"type":"binary-expr","locations":[{"start":{"line":109,"column":66},"end":{"line":109,"column":82}},{"start":{"line":109,"column":86},"end":{"line":109,"column":98}}],"line":109},"9":{"loc":{"start":{"line":116,"column":21},"end":{"line":116,"column":49}},"type":"binary-expr","locations":[{"start":{"line":116,"column":21},"end":{"line":116,"column":35}},{"start":{"line":116,"column":39},"end":{"line":116,"column":49}}],"line":116},"10":{"loc":{"start":{"line":116,"column":66},"end":{"line":116,"column":98}},"type":"binary-expr","locations":[{"start":{"line":116,"column":66},"end":{"line":116,"column":82}},{"start":{"line":116,"column":86},"end":{"line":116,"column":98}}],"line":116},"11":{"loc":{"start":{"line":142,"column":4},"end":{"line":151,"column":5}},"type":"if","locations":[{"start":{"line":142,"column":4},"end":{"line":151,"column":5}},{"start":{"line":142,"column":4},"end":{"line":151,"column":5}}],"line":142}},"s":{"0":1,"1":1,"2":1,"3":1,"4":1,"5":1,"6":1,"7":1,"8":1,"9":1,"10":3,"11":3,"12":1,"13":2,"14":2,"15":2,"16":2,"17":2,"18":0,"19":1,"20":1,"21":2,"22":2,"23":1,"24":0,"25":1,"26":1,"27":1,"28":1,"29":2,"30":2,"31":2,"32":2,"33":0,"34":0,"35":0,"36":0,"37":0,"38":2,"39":2,"40":2,"41":2,"42":0,"43":0,"44":1,"45":1,"46":2,"47":2,"48":2,"49":1,"50":1,"51":1,"52":0,"53":1},"f":{"0":1,"1":1,"2":3,"3":2,"4":2,"5":2},"b":{"0":[1,0],"1":[1,1],"2":[1,2],"3":[3,2],"4":[0,1],"5":[2,0],"6":[0,2],"7":[0,0],"8":[0,0],"9":[2,0],"10":[2,1],"11":[1,1]},"inputSourceMap":{"version":3,"sources":["postControllers.js"],"names":["post_get_all","req","res","posts","Post","find","sort","createdAt","json","status","message","post_create","body","title","content","cloud_save","cloudinary","uploader","upload","file","path","with","height","crop","post","poster","url","console","log","save","id","success","posterUrl","error","post_get_one","findOne","_id","params","post_update","post_delete","findById","remove"],"mappings":";;;;;;;AACA;;AACA;;;;AAFA;AAKA;AACA,MAAMA,YAAY,GAAG,OAAOC,GAAP,EAAYC,GAAZ,KAAoB;AACxC,QAAMC,KAAK,GAAG,MAAMC,WAAKC,IAAL,GAAYC,IAAZ,CAAiB;AAACC,IAAAA,SAAS,EAAE,CAAC;AAAb,GAAjB,CAApB;AACA,SAAOL,GAAG,CAACM,IAAJ,CAAS;AAACL,IAAAA,KAAD;AAAQM,IAAAA,MAAM,EAAC,GAAf;AAAoBC,IAAAA,OAAO,EAAC;AAA5B,GAAT,CAAP;AACA,CAHD,C,CAKA;;;;;AACA,MAAMC,WAAW,GAAG,OAAOV,GAAP,EAAYC,GAAZ,KAAoB;AAEvC,MAAI;AACH,QAAGD,GAAG,CAACW,IAAJ,CAASC,KAAT,KAAmB,EAAnB,IAAyBZ,GAAG,CAACW,IAAJ,CAASE,OAAT,KAAqB,EAAjD,EAAoD;AACnD,aAAOZ,GAAG,CAACO,MAAJ,CAAW,GAAX,EAAgBD,IAAhB,CAAqB;AAACE,QAAAA,OAAO,EAAC;AAAT,OAArB,CAAP;AACA,KAFD,MAGI;AAEH;AACA,YAAMK,UAAU,GAAG,MAAMC,yBAAWC,QAAX,CAAoBC,MAApB,CAA2BjB,GAAG,CAACkB,IAAJ,CAASC,IAApC,EAA0C;AAClEC,QAAAA,IAAI,EAAC,GAD6D;AAElEC,QAAAA,MAAM,EAAC,GAF2D;AAGlEC,QAAAA,IAAI,EAAC;AAH6D,OAA1C,CAAzB,CAHG,CASH;AACA;;AACA,YAAMC,IAAI,GAAG,IAAIpB,UAAJ,CAAS;AACrBS,QAAAA,KAAK,EAAEZ,GAAG,CAACW,IAAJ,CAASC,KADK;AAErBC,QAAAA,OAAO,EAAEb,GAAG,CAACW,IAAJ,CAASE,OAFG;AAGrBW,QAAAA,MAAM,EAAEV,UAAU,CAACW;AAHE,OAAT,CAAb;AAQAC,MAAAA,OAAO,CAACC,GAAR,CAAYJ,IAAZ;AAEA,YAAMA,IAAI,CAACK,IAAL,EAAN;AAEA,aAAO3B,GAAG,CAACO,MAAJ,CAAW,GAAX,EAAgBD,IAAhB,CAAqB;AAC3BsB,QAAAA,EAAE,EAACN,IAAI,CAACM,EADmB;AAE3BrB,QAAAA,MAAM,EAAC,GAFoB;AAG3BC,QAAAA,OAAO,EAAC,yBAHmB;AAI3BqB,QAAAA,OAAO,EAAC,CAJmB;AAK3BC,QAAAA,SAAS,EAAE,GAAEjB,UAAU,CAACW,GAAI;AALD,OAArB,CAAP;AAOA;AACD,GAnCD,CAmCE,OAAOO,KAAP,EAAc;AACf,WAAO/B,GAAG,CAACO,MAAJ,CAAW,GAAX,EAAgBD,IAAhB,CAAqB;AAACE,MAAAA,OAAO,EAACuB,KAAK,CAACvB;AAAf,KAArB,CAAP;AACA;AAGD,CA1CD,C,CA4CA;;;;;AACA,MAAMwB,YAAY,GAAG,OAAOjC,GAAP,EAAYC,GAAZ,KAAoB;AACxC,MAAI;AACH,UAAMsB,IAAI,GAAG,MAAMpB,WAAK+B,OAAL,CAAa;AAAEC,MAAAA,GAAG,EAAEnC,GAAG,CAACoC,MAAJ,CAAWP;AAAlB,KAAb,CAAnB;;AAEA,QAAGN,IAAI,KAAK,IAAZ,EAAiB;AAChB,aAAOtB,GAAG,CAACO,MAAJ,CAAW,GAAX,EAAgBD,IAAhB,CAAqB;AAACE,QAAAA,OAAO,EAAC;AAAT,OAArB,CAAP;AACA;;AAED,WAAOR,GAAG,CAACO,MAAJ,CAAW,GAAX,EAAgBD,IAAhB,CAAqB;AAACgB,MAAAA,IAAD;AAAOd,MAAAA,OAAO,EAAC;AAAf,KAArB,CAAP;AAEA,GATD,CASE,MAAM;AACP,WAAOR,GAAG,CAACO,MAAJ,CAAW,GAAX,EAAgBD,IAAhB,CAAqB;AAACyB,MAAAA,KAAK,EAAE;AAAR,KAArB,CAAP;AACA;AACD,CAbD,C,CAeA;;;;;AACA,MAAMK,WAAW,GAAG,OAAOrC,GAAP,EAAYC,GAAZ,KAAoB;AACvC,MAAI;AACH,UAAMsB,IAAI,GAAG,MAAMpB,WAAK+B,OAAL,CAAa;AAAEC,MAAAA,GAAG,EAAEnC,GAAG,CAACoC,MAAJ,CAAWP;AAAlB,KAAb,CAAnB;;AACA,QAAGN,IAAH,EAAQ;AACP,UAAGvB,GAAG,CAACkB,IAAP,EAAY;AAEX,cAAMJ,UAAU,GAAG,MAAMC,yBAAWC,QAAX,CAAoBC,MAApB,CAA2BjB,GAAG,CAACkB,IAAJ,CAASC,IAApC,EAA0C;AAClEC,UAAAA,IAAI,EAAC,GAD6D;AAElEC,UAAAA,MAAM,EAAC,GAF2D;AAGlEC,UAAAA,IAAI,EAAC;AAH6D,SAA1C,CAAzB;AAMAC,QAAAA,IAAI,CAACX,KAAL,GAAaZ,GAAG,CAACW,IAAJ,CAASC,KAAT,IAAkBW,IAAI,CAACX,KAApC,EACAW,IAAI,CAACV,OAAL,GAAeb,GAAG,CAACW,IAAJ,CAASE,OAAT,IAAoBU,IAAI,CAACV,OADxC;AAEAU,QAAAA,IAAI,CAACC,MAAL,GAAcV,UAAU,CAACW,GAAzB;AAEAF,QAAAA,IAAI,CAACK,IAAL;AACA,eAAO3B,GAAG,CAACO,MAAJ,CAAW,GAAX,EAAgBD,IAAhB,CAAqB;AAACE,UAAAA,OAAO,EAAC;AAAT,SAArB,CAAP;AAEA,OAfD,MAeK;AACJc,QAAAA,IAAI,CAACX,KAAL,GAAaZ,GAAG,CAACW,IAAJ,CAASC,KAAT,IAAkBW,IAAI,CAACX,KAApC,EACAW,IAAI,CAACV,OAAL,GAAeb,GAAG,CAACW,IAAJ,CAASE,OAAT,IAAoBU,IAAI,CAACV,OADxC;AAEAU,QAAAA,IAAI,CAACC,MAAL,GAAcD,IAAI,CAACC,MAAnB;AAEAD,QAAAA,IAAI,CAACK,IAAL;AACA,eAAO3B,GAAG,CAACO,MAAJ,CAAW,GAAX,EAAgBD,IAAhB,CAAqB;AAACE,UAAAA,OAAO,EAAC;AAAT,SAArB,CAAP;AACA;AAED,KAzBD,MA0BI;AACH,aAAOR,GAAG,CAACO,MAAJ,CAAW,GAAX,EAAgBD,IAAhB,CAAqB;AAACyB,QAAAA,KAAK,EAAE;AAAR,OAArB,CAAP;AACA;AAED,GAhCD,CAgCE,OAAMA,KAAN,EAAa;AACd,WAAO/B,GAAG,CAACO,MAAJ,CAAW,GAAX,EAAgBD,IAAhB,CAAqB;AAACyB,MAAAA,KAAK,EAAEA,KAAK,CAACvB;AAAd,KAArB,CAAP;AACA;AACD,CApCD,C,CAsCA;;;;;AACA,MAAM6B,WAAW,GAAG,OAAOtC,GAAP,EAAYC,GAAZ,KAAoB;AACvC,MAAI;AACH,UAAMsB,IAAI,GAAG,MAAMpB,WAAKoC,QAAL,CAAcvC,GAAG,CAACoC,MAAJ,CAAWP,EAAzB,CAAnB;;AACA,QAAGN,IAAI,IAAI,IAAX,EAAgB;AAEf,YAAMA,IAAI,CAACiB,MAAL,EAAN;AACA,aAAOvC,GAAG,CAACO,MAAJ,CAAW,GAAX,EAAgBD,IAAhB,CAAqB;AAACE,QAAAA,OAAO,EAAE;AAAV,OAArB,CAAP;AACA,KAJD,MAKI;AACH,aAAOR,GAAG,CAACO,MAAJ,CAAW,GAAX,EAAgBD,IAAhB,CAAqB;AAACyB,QAAAA,KAAK,EAAE;AAAR,OAArB,CAAP;AACA;AAGD,GAZD,CAYE,MAAM;AACP,WAAO/B,GAAG,CAACO,MAAJ,CAAW,GAAX,EAAgBD,IAAhB,CAAqB;AAACyB,MAAAA,KAAK,EAAE;AAAR,KAArB,CAAP;AACA;AACD,CAhBD","sourceRoot":"/home/nyakamwe/Desktop/my-brand-nyakamwe/server/src/controllers/","sourcesContent":["// import models\nimport {Post} from '../models/Post'\nimport cloudinary from '../helpers/cloudinaryImage'\n\n\n// get all posts\nconst post_get_all = async (req, res) => {\n\tconst posts = await Post.find().sort({createdAt: -1})\n\treturn res.json({posts, status:200, message:\"Fetched successfully\"})\n}\n\n// create new post\nconst post_create = async (req, res) => {\n\t\n\ttry {\n\t\tif(req.body.title === '' || req.body.content === ''){\n\t\t\treturn res.status(400).json({message:\"Title and content are required\"})\n\t\t}\n\t\telse{\n\n\t\t\t// generating link from cloudinary\n\t\t\tconst cloud_save = await cloudinary.uploader.upload(req.file.path, {\n\t\t\t\twith:500,\n\t\t\t\theight:500,\n\t\t\t\tcrop:'fill'\n\n\t\t\t})\n\t\t\t// const imageUrl = cloud_save ? cloud_save.url : \n\t\t\t// new post\n\t\t\tconst post = new Post({\n\t\t\t\ttitle: req.body.title,\n\t\t\t\tcontent: req.body.content,\n\t\t\t\tposter: cloud_save.url\n\t\t\t\t\n\t\t\t\t\n\t\t\t})\n\n\t\t\tconsole.log(post)\n\t\t\t\n\t\t\tawait post.save()\n\t\n\t\t\treturn res.status(201).json({\n\t\t\t\tid:post.id,\n\t\t\t\tstatus:201, \n\t\t\t\tmessage:\"Post Saved successfully\", \n\t\t\t\tsuccess:1,\n\t\t\t\tposterUrl:`${cloud_save.url}`\n\t\t\t})\n\t\t}\n\t} catch (error) {\n\t\treturn res.status(403).json({message:error.message})\n\t}\n\t\n\t\n}\n\n// get individual post\nconst post_get_one = async (req, res) => {\n\ttry {\n\t\tconst post = await Post.findOne({ _id: req.params.id })\n\n\t\tif(post === null){\n\t\t\treturn res.status(404).json({message:\"Post of that id is not available\"});\n\t\t}\n\n\t\treturn res.status(200).json({post, message:\"successfully fetched\"});\n\n\t} catch {\n\t\treturn res.status(404).json({error: \"Post does not exist!\"})\n\t}\n}\n\n// update a post\nconst post_update = async (req, res) => {\n\ttry {\n\t\tconst post = await Post.findOne({ _id: req.params.id })\n\t\tif(post){\n\t\t\tif(req.file){\n\n\t\t\t\tconst cloud_save = await cloudinary.uploader.upload(req.file.path, {\n\t\t\t\t\twith:500,\n\t\t\t\t\theight:500,\n\t\t\t\t\tcrop:'fill'\n\t\t\n\t\t\t\t})\n\t\t\t\tpost.title = req.body.title || post.title,\n\t\t\t\tpost.content = req.body.content || post.content\n\t\t\t\tpost.poster = cloud_save.url\n\n\t\t\t\tpost.save()\n\t\t\t\treturn res.status(200).json({message:\"Post successfully updated!\"});\n\n\t\t\t}else{\n\t\t\t\tpost.title = req.body.title || post.title,\n\t\t\t\tpost.content = req.body.content || post.content\n\t\t\t\tpost.poster = post.poster\n\n\t\t\t\tpost.save()\n\t\t\t\treturn res.status(200).json({message:\"Post successfully updated!\"});\n\t\t\t}\n\t\t\t\n\t\t}\n\t\telse{\n\t\t\treturn res.status(404).json({error: \"Post doesn't exist!\"})\n\t\t}\n\n\t} catch(error) {\n\t\treturn res.status(404).json({error: error.message})\n\t}\n}\n\n// delete a post\nconst post_delete = async (req, res) => {\n\ttry {\n\t\tconst post = await Post.findById(req.params.id)\n\t\tif(post != null){\n\n\t\t\tawait post.remove();\n\t\t\treturn res.status(200).json({message: \"Post deleted successfully!\"})\n\t\t}\n\t\telse{\n\t\t\treturn res.status(404).json({error: \"Post doesn't exist!\"})\n\t\t}\n\n\t\t\n\t} catch {\n\t\treturn res.status(500).json({error: \"Server error\"})\n\t}\n}\n\n\n\nexport {post_get_all, post_create, post_get_one, post_update, post_delete}\n"]},"_coverageSchema":"1a1c01bbd47fc00a2c39e90264f33305004495a9","hash":"2d4ba9e7990c09a4b79cb0d6d85926470c4324c4","contentHash":"5ba4ff355f7ed668e404ba07929113027335c98d3695a5798b5f9148b1a60cc8"},"/home/nyakamwe/Desktop/my-brand-nyakamwe/server/src/models/Post.js":{"path":"/home/nyakamwe/Desktop/my-brand-nyakamwe/server/src/models/Post.js","statementMap":{"0":{"start":{"line":3,"column":0},"end":{"line":5,"column":3}},"1":{"start":{"line":6,"column":0},"end":{"line":6,"column":40}},"2":{"start":{"line":8,"column":16},"end":{"line":8,"column":35}},"3":{"start":{"line":10,"column":12},"end":{"line":10,"column":53}},"4":{"start":{"line":12,"column":39},"end":{"line":12,"column":93}},"5":{"start":{"line":14,"column":22},"end":{"line":20,"column":2}},"6":{"start":{"line":31,"column":15},"end":{"line":52,"column":2}},"7":{"start":{"line":54,"column":16},"end":{"line":54,"column":66}},"8":{"start":{"line":56,"column":0},"end":{"line":56,"column":26}},"9":{"start":{"line":58,"column":13},"end":{"line":58,"column":53}},"10":{"start":{"line":60,"column":0},"end":{"line":60,"column":20}}},"fnMap":{"0":{"name":"_interopRequireDefault","decl":{"start":{"line":12,"column":9},"end":{"line":12,"column":31}},"loc":{"start":{"line":12,"column":37},"end":{"line":12,"column":95}},"line":12}},"branchMap":{"0":{"loc":{"start":{"line":12,"column":46},"end":{"line":12,"column":92}},"type":"cond-expr","locations":[{"start":{"line":12,"column":70},"end":{"line":12,"column":73}},{"start":{"line":12,"column":76},"end":{"line":12,"column":92}}],"line":12},"1":{"loc":{"start":{"line":12,"column":46},"end":{"line":12,"column":67}},"type":"binary-expr","locations":[{"start":{"line":12,"column":46},"end":{"line":12,"column":49}},{"start":{"line":12,"column":53},"end":{"line":12,"column":67}}],"line":12}},"s":{"0":1,"1":1,"2":1,"3":1,"4":1,"5":1,"6":1,"7":1,"8":1,"9":1,"10":1},"f":{"0":1},"b":{"0":[1,0],"1":[1,1]},"inputSourceMap":{"version":3,"sources":["Post.js"],"names":["commentSchema","mongoose","Schema","postId","type","Types","ObjectId","ref","description","String","schema","title","required","content","poster","comments","likes","postedBy","timestamps","Comment","model","Post"],"mappings":";;;;;;;AAAA;;AACA;;;;AAEA,MAAMA,aAAa,GAAG,IAAIC,mBAASC,MAAb,CAAoB;AACzCC,EAAAA,MAAM,EAAC;AACNC,IAAAA,IAAI,EAACH,mBAASC,MAAT,CAAgBG,KAAhB,CAAsBC,QADrB;AAENC,IAAAA,GAAG,EAAC;AAFE,GADkC;AAKtCC,EAAAA,WAAW,EAACC;AAL0B,CAApB,CAAtB,C,CAQA;AACA;AACA;AACA;AACA;AACA;AACA;AACA;AACA;AAEA;;AAKA,MAAMC,MAAM,GAAG,IAAIT,mBAASC,MAAb,CAAoB;AAClCS,EAAAA,KAAK,EAAE;AACNP,IAAAA,IAAI,EAACK,MADC;AAENG,IAAAA,QAAQ,EAAC;AAFH,GAD2B;AAKlCC,EAAAA,OAAO,EAAE;AACRT,IAAAA,IAAI,EAACK,MADG;AAERG,IAAAA,QAAQ,EAAC;AAFD,GALyB;AASlCE,EAAAA,MAAM,EAAE;AACPV,IAAAA,IAAI,EAACK,MADE;AAEPG,IAAAA,QAAQ,EAAC;AAFF,GAT0B;AAclCG,EAAAA,QAAQ,EAAC,CAACf,aAAD,CAdyB;AAgBlCgB,EAAAA,KAAK,EAAC,EAhB4B;AAkBlCC,EAAAA,QAAQ,EAAE;AACTb,IAAAA,IAAI,EAACH,mBAASC,MAAT,CAAgBG,KAAhB,CAAsBC,QADlB;AAETC,IAAAA,GAAG,EAAC;AAFK;AAlBwB,CAApB,EAuBb;AAACW,EAAAA,UAAU,EAAC;AAAZ,CAvBa,CAAf;;AA0BO,MAAMC,OAAO,GAAGlB,mBAASmB,KAAT,CAAe,SAAf,EAA0BpB,aAA1B,CAAhB;;;;AACA,MAAMqB,IAAI,GAAGpB,mBAASmB,KAAT,CAAe,MAAf,EAAuBV,MAAvB,CAAb","sourceRoot":"/home/nyakamwe/Desktop/my-brand-nyakamwe/server/src/models/","sourcesContent":["import {mongoose} from \"mongoose\"\nimport  User  from \"./User\"\n\nconst commentSchema = new mongoose.Schema({\n\tpostId:{\n\t\ttype:mongoose.Schema.Types.ObjectId,\n\t\tref:'Post'\n\t},\n    description:String\n})\n\n// const likeSchema = new mongoose.Schema({\n// \tuserId:{\n// \t\ttype:mongoose.Schema.Types.ObjectId,\n// \t\tref: 'User'\n// \t},\n// \tpostId:{\n// \t\ttype:mongoose.Schema.Types.ObjectId,\n// \t\tref:'Post'\n// \t}\n    \n// })\n\n\n\n\nconst schema = new mongoose.Schema({\n\ttitle: {\n\t\ttype:String,\n\t\trequired:true\n\t},\n\tcontent: {\n\t\ttype:String,\n\t\trequired:true\n\t},\n\tposter: {\n\t\ttype:String,\n\t\trequired:true\n\t},\n\n\tcomments:[commentSchema],\n\n\tlikes:[],\n\n\tpostedBy: {\n\t\ttype:mongoose.Schema.Types.ObjectId,\n\t\tref:'User'\n\t}\n\n},{timestamps:true})\n\n\nexport const Comment = mongoose.model(\"Comment\", commentSchema)\nexport const Post = mongoose.model(\"Post\", schema)\n\n"]},"_coverageSchema":"1a1c01bbd47fc00a2c39e90264f33305004495a9","hash":"c797f358966d30eec81b4cfae7dd81005cefc7a5","contentHash":"ea522ef8b3d285fb47c9a2118ced96b4771157a520a2eb8ea891c76f0db363a5"},"/home/nyakamwe/Desktop/my-brand-nyakamwe/server/src/models/User.js":{"path":"/home/nyakamwe/Desktop/my-brand-nyakamwe/server/src/models/User.js","statementMap":{"0":{"start":{"line":3,"column":0},"end":{"line":5,"column":3}},"1":{"start":{"line":6,"column":0},"end":{"line":6,"column":22}},"2":{"start":{"line":8,"column":16},"end":{"line":8,"column":59}},"3":{"start":{"line":10,"column":14},"end":{"line":10,"column":55}},"4":{"start":{"line":12,"column":11},"end":{"line":12,"column":49}},"5":{"start":{"line":14,"column":39},"end":{"line":14,"column":93}},"6":{"start":{"line":16,"column":19},"end":{"line":28,"column":2}},"7":{"start":{"line":30,"column":0},"end":{"line":45,"column":2}},"8":{"start":{"line":31,"column":2},"end":{"line":44,"column":3}},"9":{"start":{"line":32,"column":17},"end":{"line":34,"column":6}},"10":{"start":{"line":36,"column":4},"end":{"line":40,"column":5}},"11":{"start":{"line":37,"column":6},"end":{"line":37,"column":19}},"12":{"start":{"line":39,"column":6},"end":{"line":39,"column":18}},"13":{"start":{"line":42,"column":4},"end":{"line":42,"column":40}},"14":{"start":{"line":43,"column":4},"end":{"line":43,"column":17}},"15":{"start":{"line":47,"column":0},"end":{"line":50,"column":2}},"16":{"start":{"line":48,"column":13},"end":{"line":48,"column":17}},"17":{"start":{"line":49,"column":2},"end":{"line":49,"column":63}},"18":{"start":{"line":52,"column":0},"end":{"line":56,"column":2}},"19":{"start":
[...]
column":7}},"19":{"start":{"line":47,"column":6},"end":{"line":47,"column":59}},"20":{"start":{"line":49,"column":4},"end":{"line":62,"column":7}},"21":{"start":{"line":50,"column":22},"end":{"line":54,"column":8}},"22":{"start":{"line":56,"column":6},"end":{"line":61,"column":9}},"23":{"start":{"line":57,"column":8},"end":{"line":57,"column":41}},"24":{"start":{"line":58,"column":8},"end":{"line":58,"column":44}},"25":{"start":{"line":59,"column":8},"end":{"line":59,"column":75}},"26":{"start":{"line":60,"column":8},"end":{"line":60,"column":15}},"27":{"start":{"line":63,"column":4},"end":{"line":76,"column":7}},"28":{"start":{"line":64,"column":6},"end":{"line":68,"column":9}},"29":{"start":{"line":70,"column":6},"end":{"line":75,"column":9}},"30":{"start":{"line":71,"column":8},"end":{"line":71,"column":41}},"31":{"start":{"line":72,"column":8},"end":{"line":72,"column":44}},"32":{"start":{"line":73,"column":8},"end":{"line":73,"column":81}},"33":{"start":{"line":74,"column":8},"end":{"line":74,"column":15}},"34":{"start":{"line":77,"column":4},"end":{"line":90,"column":7}},"35":{"start":{"line":78,"column":19},"end":{"line":82,"column":8}},"36":{"start":{"line":84,"column":6},"end":{"line":89,"column":9}},"37":{"start":{"line":85,"column":8},"end":{"line":85,"column":41}},"38":{"start":{"line":86,"column":8},"end":{"line":86,"column":44}},"39":{"start":{"line":87,"column":8},"end":{"line":87,"column":85}},"40":{"start":{"line":88,"column":8},"end":{"line":88,"column":15}},"41":{"start":{"line":96,"column":2},"end":{"line":149,"column":5}},"42":{"start":{"line":97,"column":4},"end":{"line":99,"column":7}},"43":{"start":{"line":98,"column":6},"end":{"line":98,"column":59}},"44":{"start":{"line":100,"column":22},"end":{"line":103,"column":5}},"45":{"start":{"line":104,"column":4},"end":{"line":115,"column":7}},"46":{"start":{"line":105,"column":6},"end":{"line":114,"column":9}},"47":{"start":{"line":109,"column":8},"end":{"line":109,"column":34}},"48":{"start":{"line":109,"column":17},"end":{"line":109,"column":34}},"49":{"start":{"line":110,"column":8},"end":{"line":110,"column":41}},"50":{"start":{"line":111,"column":8},"end":{"line":111,"column":44}},"51":{"start":{"line":112,"column":8},"end":{"line":112,"column":39}},"52":{"start":{"line":113,"column":8},"end":{"line":113,"column":15}},"53":{"start":{"line":116,"column":4},"end":{"line":132,"column":7}},"54":{"start":{"line":117,"column":24},"end":{"line":120,"column":7}},"55":{"start":{"line":122,"column":6},"end":{"line":131,"column":9}},"56":{"start":{"line":126,"column":8},"end":{"line":126,"column":34}},"57":{"start":{"line":126,"column":17},"end":{"line":126,"column":34}},"58":{"start":{"line":127,"column":8},"end":{"line":127,"column":41}},"59":{"start":{"line":128,"column":8},"end":{"line":128,"column":44}},"60":{"start":{"line":129,"column":8},"end":{"line":129,"column":91}},"61":{"start":{"line":130,"column":8},"end":{"line":130,"column":15}},"62":{"start":{"line":133,"column":4},"end":{"line":148,"column":7}},"63":{"start":{"line":134,"column":24},"end":{"line":137,"column":7}},"64":{"start":{"line":139,"column":6},"end":{"line":147,"column":9}},"65":{"start":{"line":143,"column":8},"end":{"line":143,"column":34}},"66":{"start":{"line":143,"column":17},"end":{"line":143,"column":34}},"67":{"start":{"line":144,"column":8},"end":{"line":144,"column":41}},"68":{"start":{"line":145,"column":8},"end":{"line":145,"column":71}},"69":{"start":{"line":146,"column":8},"end":{"line":146,"column":15}}},"fnMap":{"0":{"name":"_interopRequireDefault","decl":{"start":{"line":15,"column":9},"end":{"line":15,"column":31}},"loc":{"start":{"line":15,"column":37},"end":{"line":15,"column":95}},"line":15},"1":{"name":"(anonymous_1)","decl":{"start":{"line":26,"column":36},"end":{"line":26,"column":37}},"loc":{"start":{"line":26,"column":42},"end":{"line":150,"column":1}},"line":26},"2":{"name":"(anonymous_2)","decl":{"start":{"line":27,"column":9},"end":{"line":27,"column":10}},"loc":{"start":{"line":27,"column":25},"end":{"line":40,"column":3}},"line":27},"3":{"name":"(anonymous_3)","decl":{"start":{"line":34,"column":12},"end":{"line":34,"column":13}},"loc":{"start":{"line":34,"column":27},"end":{"line":37,"column":5}},"line":34},"4":{"name":"(anonymous_4)","decl":{"start":{"line":37,"column":13},"end":{"line":37,"column":14}},"loc":{"start":{"line":37,"column":22},"end":{"line":39,"column":5}},"line":37},"5":{"name":"(anonymous_5)","decl":{"start":{"line":45,"column":30},"end":{"line":45,"column":31}},"loc":{"start":{"line":45,"column":36},"end":{"line":91,"column":3}},"line":45},"6":{"name":"(anonymous_6)","decl":{"start":{"line":46,"column":11},"end":{"line":46,"column":12}},"loc":{"start":{"line":46,"column":17},"end":{"line":48,"column":5}},"line":46},"7":{"name":"(anonymous_7)","decl":{"start":{"line":49,"column":28},"end":{"line":49,"column":29}},"loc":{"start":{"line":49,"column":36},"end":{"line":62,"column":5}},"line":49},"8":{"name":"(anonymous_8)","decl":{"start":{"line":56,"column":90},"end":{"line":56,"column":91}},"loc":{"start":{"line":56,"column":109},"end":{"line":61,"column":7}},"line":56},"9":{"name":"(anonymous_9)","decl":{"start":{"line":63,"column":22},"end":{"line":63,"column":23}},"loc":{"start":{"line":63,"column":30},"end":{"line":76,"column":5}},"line":63},"10":{"name":"(anonymous_10)","decl":{"start":{"line":70,"column":87},"end":{"line":70,"column":88}},"loc":{"start":{"line":70,"column":106},"end":{"line":75,"column":7}},"line":70},"11":{"name":"(anonymous_11)","decl":{"start":{"line":77,"column":59},"end":{"line":77,"column":60}},"loc":{"start":{"line":77,"column":67},"end":{"line":90,"column":5}},"line":77},"12":{"name":"(anonymous_12)","decl":{"start":{"line":84,"column":87},"end":{"line":84,"column":88}},"loc":{"start":{"line":84,"column":106},"end":{"line":89,"column":7}},"line":84},"13":{"name":"(anonymous_13)","decl":{"start":{"line":96,"column":36},"end":{"line":96,"column":37}},"loc":{"start":{"line":96,"column":42},"end":{"line":149,"column":3}},"line":96},"14":{"name":"(anonymous_14)","decl":{"start":{"line":97,"column":10},"end":{"line":97,"column":11}},"loc":{"start":{"line":97,"column":16},"end":{"line":99,"column":5}},"line":97},"15":{"name":"(anonymous_15)","decl":{"start":{"line":104,"column":23},"end":{"line":104,"column":24}},"loc":{"start":{"line":104,"column":31},"end":{"line":115,"column":5}},"line":104},"16":{"name":"(anonymous_16)","decl":{"start":{"line":108,"column":13},"end":{"line":108,"column":14}},"loc":{"start":{"line":108,"column":38},"end":{"line":114,"column":7}},"line":108},"17":{"name":"(anonymous_17)","decl":{"start":{"line":116,"column":54},"end":{"line":116,"column":55}},"loc":{"start":{"line":116,"column":62},"end":{"line":132,"column":5}},"line":116},"18":{"name":"(anonymous_18)","decl":{"start":{"line":125,"column":13},"end":{"line":125,"column":14}},"loc":{"start":{"line":125,"column":38},"end":{"line":131,"column":7}},"line":125},"19":{"name":"(anonymous_19)","decl":{"start":{"line":133,"column":35},"end":{"line":133,"column":36}},"loc":{"start":{"line":133,"column":43},"end":{"line":148,"column":5}},"line":133},"20":{"name":"(anonymous_20)","decl":{"start":{"line":142,"column":13},"end":{"line":142,"column":14}},"loc":{"start":{"line":142,"column":38},"end":{"line":147,"column":7}},"line":142}},"branchMap":{"0":{"loc":{"start":{"line":15,"column":46},"end":{"line":15,"column":92}},"type":"cond-expr","locations":[{"start":{"line":15,"column":70},"end":{"line":15,"column":73}},{"start":{"line":15,"column":76},"end":{"line":15,"column":92}}],"line":15},"1":{"loc":{"start":{"line":15,"column":46},"end":{"line":15,"column":67}},"type":"binary-expr","locations":[{"start":{"line":15,"column":46},"end":{"line":15,"column":49}},{"start":{"line":15,"column":53},"end":{"line":15,"column":67}}],"line":15},"2":{"loc":{"start":{"line":109,"column":8},"end":{"line":109,"column":34}},"type":"if","locations":[{"start":{"line":109,"column":8},"end":{"line":109,"column":34}},{"start":{"line":109,"column":8},"end":{"line":109,"column":34}}],"line":109},"3":{"loc":{"start":{"line":126,"column":8},"end":{"line":126,"column":34}},"type":"if","locations":[{"start":{"line":126,"column":8},"end":{"line":126,"column":34}},{"start":{"line":126,"column":8},"end":{"line":126,"column":34}}],"line":126},"4":{"loc":{"start":{"line":143,"column":8},"end":{"line":143,"column":34}},"type":"if","locations":[{"start":{"line":143,"column":8},"end":{"line":143,"column":34}},{"start":{"line":143,"column":8},"end":{"line":143,"column":34}}],"line":143}},"s":{"0":1,"1":1,"2":1,"3":1,"4":1,"5":1,"6":4,"7":1,"8":1,"9":1,"10":1,"11":1,"12":1,"13":1,"14":1,"15":1,"16":0,"17":1,"18":1,"19":1,"20":1,"21":1,"22":1,"23":1,"24":1,"25":1,"26":1,"27":1,"28":1,"29":1,"30":1,"31":1,"32":1,"33":1,"34":1,"35":1,"36":1,"37":1,"38":1,"39":1,"40":1,"41":1,"42":1,"43":1,"44":1,"45":1,"46":1,"47":1,"48":0,"49":1,"50":1,"51":1,"52":1,"53":1,"54":1,"55":1,"56":1,"57":0,"58":1,"59":1,"60":1,"61":1,"62":1,"63":1,"64":1,"65":1,"66":0,"67":1,"68":1,"69":1},"f":{"0":4,"1":1,"2":1,"3":1,"4":0,"5":1,"6":1,"7":1,"8":1,"9":1,"10":1,"11":1,"12":1,"13":1,"14":1,"15":1,"16":1,"17":1,"18":1,"19":1,"20":1},"b":{"0":[1,3],"1":[4,4],"2":[0,1],"3":[0,1],"4":[0,1]},"inputSourceMap":{"version":3,"sources":["user_test.js"],"names":["require","config","user","autToken","chai","should","use","chaiHttp","describe","before","done","dbURI","process","env","DB_USER","DB_PASSWORD","mongoose","connect","useNewUrlParser","useUnifiedTopology","then","responseult","console","log","catch","error","connection","dropCollection","it","newUser","User","username","email","password","request","server","post","send","end","err","response","have","status","body","be","a","property","eql","after","logInUser","Token"],"mappings":";;AAAA;;AACA;;AACA;;AACA;;AACA;;AAKA;;;;AAJAA,OAAO,CAAC,QAAD,CAAP,CAAkBC,MAAlB,G,CAGA;;;AAGA,IAAIC,IAAJ,EAAUC,QAAV,C,CAEA;;AACAC,cAAKC,MAAL;;AAEAD,cAAKE,GAAL,CAASC,iBAAT;;AAGAC,QAAQ,CAAC,yBAAD,EAA4B,MAAI;AACpCC,EAAAA,MAAM,CAAC,UAASC,IAAT,EAAe;AAClB;AACJ,UAAMC,KAAK,GAAG,iBAAgBC,OAAO,CAACC,GAAR,CAAYC,OAAQ,IAAGF,OAAO,CAACC,GAAR,CAAYE,WAAY,gFAA7E;;AACAC,sBAASC,OAAT,CAAiBN,KAAjB,EAAuB;AAACO,MAAAA,eAAe,EAAC,IAAjB;AAAuBC,MAAAA,kBAAkB,EAAC;AAA1C,KAAvB,EAAwEC,IAAxE,CAA8EC,WAAD,IAAe;AAEpFC,MAAAA,OAAO,CAACC,GAAR,CAAY,eAAZ;AAGAb,MAAAA,IAAI;AAEP,KAPL,EAOOc,KAPP,CAOcC,KAAD,IAAS;AACdH,MAAAA,OAAO,CAACC,GAAR,CAAYE,KAAZ;AACH,KATL;AAaC,GAhBK,CAAN;AAoBA;AACJ;AACA;;AAEKjB,EAAAA,QAAQ,CAAC,iBAAD,EAAoB,MAAI;AAC7BC,IAAAA,MAAM,CAAC,MAAI;AACPO,wBAASU,UAAT,CAAoBC,cAApB,CAAmC,OAAnC;AACH,KAFK,CAAN;AAIAC,IAAAA,EAAE,CAAC,mBAAD,EAAuBlB,IAAD,IAAQ;AAE5B,YAAMmB,OAAO,GAAG,IAAIC,UAAJ,CAAS;AACrBC,QAAAA,QAAQ,EAAC,QADY;AAErBC,QAAAA,KAAK,EAAC,iBAFe;AAGrBC,QAAAA,QAAQ,EAAC;AAHY,OAAT,CAAhB;;AAQA7B,oBAAK8B,OAAL,CAAaC,cAAb,EACCC,IADD,CACM,qBADN,EAECC,IAFD,CAEMR,OAFN,EAGCS,GAHD,CAGK,CAACC,GAAD,EAAMC,QAAN,KAAiB;AAClBA,QAAAA,QAAQ,CAACnC,MAAT,CAAgBoC,IAAhB,CAAqBC,MAArB,CAA4B,GAA5B;AACAF,QAAAA,QAAQ,CAACG,IAAT,CAActC,MAAd,CAAqBuC,EAArB,CAAwBC,CAAxB,CAA0B,QAA1B;AACAL,QAAAA,QAAQ,CAACG,IAAT,CAActC,MAAd,CAAqBoC,IAArB,CAA0BK,QAA1B,CAAmC,SAAnC,EAA8CC,GAA9C,CAAkD,eAAlD;AACJrC,QAAAA,IAAI;AACH,OARD;AASH,KAnBC,CAAF;AAsBAkB,IAAAA,EAAE,CAAC,aAAD,EAAiBlB,IAAD,IAAQ;AAEtBR,MAAAA,IAAI,GAAG,IAAI4B,UAAJ,CAAS;AACZC,QAAAA,QAAQ,EAAC,QADG;AAEZC,QAAAA,KAAK,EAAC,iBAFM;AAGZC,QAAAA,QAAQ,EAAC;AAHG,OAAT,CAAP;;AAOA7B,oBAAK8B,OAAL,CAAaC,cAAb,EACCC,IADD,CACM,qBADN,EAECC,IAFD,CAEMnC,IAFN,EAGCoC,GAHD,CAGK,CAACC,GAAD,EAAMC,QAAN,KAAiB;AAClBA,QAAAA,QAAQ,CAACnC,MAAT,CAAgBoC,IAAhB,CAAqBC,MAArB,CAA4B,GAA5B;AACAF,QAAAA,QAAQ,CAACG,IAAT,CAActC,MAAd,CAAqBuC,EAArB,CAAwBC,CAAxB,CAA0B,QAA1B;AACAL,QAAAA,QAAQ,CAACG,IAAT,CAActC,MAAd,CAAqBoC,IAArB,CAA0BK,QAA1B,CAAmC,SAAnC,EAA8CC,GAA9C,CAAkD,qBAAlD;AACJrC,QAAAA,IAAI;AACH,OARD;AAUH,KAnBC,CAAF;AAqBAkB,IAAAA,EAAE,CAAC,kDAAD,EAAsDlB,IAAD,IAAQ;AAE3D,YAAMR,IAAI,GAAG,IAAI4B,UAAJ,CAAS;AAClBC,QAAAA,QAAQ,EAAC,EADS;AAElBC,QAAAA,KAAK,EAAC,EAFY;AAGlBC,QAAAA,QAAQ,EAAC;AAHS,OAAT,CAAb;;AAOA7B,oBAAK8B,OAAL,CAAaC,cAAb,EACCC,IADD,CACM,qBADN,EAECC,IAFD,CAEMnC,IAFN,EAGCoC,GAHD,CAGK,CAACC,GAAD,EAAMC,QAAN,KAAiB;AAClBA,QAAAA,QAAQ,CAACnC,MAAT,CAAgBoC,IAAhB,CAAqBC,MAArB,CAA4B,GAA5B;AACAF,QAAAA,QAAQ,CAACG,IAAT,CAActC,MAAd,CAAqBuC,EAArB,CAAwBC,CAAxB,CAA0B,QAA1B;AACAL,QAAAA,QAAQ,CAACG,IAAT,CAActC,MAAd,CAAqBoC,IAArB,CAA0BK,QAA1B,CAAmC,SAAnC,EAA8CC,GAA9C,CAAkD,yBAAlD;AACJrC,QAAAA,IAAI;AACH,OARD;AASH,KAlBC,CAAF;AAoBH,GApEQ,CAAR;AAsED;AACJ;AACA;;AAEKF,EAAAA,QAAQ,CAAC,uBAAD,EAA0B,MAAI;AAClCwC,IAAAA,KAAK,CAAC,MAAI;AACNhC,wBAASU,UAAT,CAAoBC,cAApB,CAAmC,OAAnC;AACH,KAFI,CAAL;AAID,UAAMsB,SAAS,GAAG;AACdlB,MAAAA,QAAQ,EAAC,QADK;AAEdE,MAAAA,QAAQ,EAAC;AAFK,KAAlB;AAKAL,IAAAA,EAAE,CAAC,cAAD,EAAkBlB,IAAD,IAAQ;AACvBN,oBAAK8B,OAAL,CAAaC,cAAb,EACCC,IADD,CACM,kBADN,EAECC,IAFD,CAEM;AAACN,QAAAA,QAAQ,EAACkB,SAAS,CAAClB,QAApB;AAA8BE,QAAAA,QAAQ,EAACgB,SAAS,CAAChB;AAAjD,OAFN,EAGCK,GAHD,CAGK,UAASC,GAAT,EAAcC,QAAd,EAAwB;AACzB,YAAID,GAAJ,EAAS,OAAO7B,IAAI,CAAC6B,GAAD,CAAX;AAETC,QAAAA,QAAQ,CAACnC,MAAT,CAAgBoC,IAAhB,CAAqBC,MAArB,CAA4B,GAA5B;AACAF,QAAAA,QAAQ,CAACG,IAAT,CAActC,MAAd,CAAqBuC,EAArB,CAAwBC,CAAxB,CAA0B,QAA1B;AACA1C,QAAAA,QAAQ,GAAGqC,QAAQ,CAACG,IAAT,CAAcO,KAAzB;AAEAxC,QAAAA,IAAI;AACP,OAXD;AAaH,KAdC,CAAF;AAgBAkB,IAAAA,EAAE,CAAC,6CAAD,EAAiDlB,IAAD,IAAQ;AACtD,YAAMuC,SAAS,GAAG;AACdlB,QAAAA,QAAQ,EAAC,QADK;AAEdE,QAAAA,QAAQ,EAAC;AAFK,OAAlB;;AAIA7B,oBAAK8B,OAAL,CAAaC,cAAb,EACCC,IADD,CACM,kBADN,EAECC,IAFD,CAEM;AAACN,QAAAA,QAAQ,EAACkB,SAAS,CAAClB,QAApB;AAA8BE,QAAAA,QAAQ,EAACgB,SAAS,CAAChB;AAAjD,OAFN,EAGCK,GAHD,CAGK,UAASC,GAAT,EAAcC,QAAd,EAAwB;AACzB,YAAID,GAAJ,EAAS,OAAO7B,IAAI,CAAC6B,GAAD,CAAX;AAETC,QAAAA,QAAQ,CAACnC,MAAT,CAAgBoC,IAAhB,CAAqBC,MAArB,CAA4B,GAA5B;AACAF,QAAAA,QAAQ,CAACG,IAAT,CAActC,MAAd,CAAqBuC,EAArB,CAAwBC,CAAxB,CAA0B,QAA1B;AACAL,QAAAA,QAAQ,CAACG,IAAT,CAActC,MAAd,CAAqBoC,IAArB,CAA0BK,QAA1B,CAAmC,SAAnC,EAA8CC,GAA9C,CAAkD,+BAAlD;AACJrC,QAAAA,IAAI;AACH,OAVD;AAYH,KAjBC,CAAF;AAmBAkB,IAAAA,EAAE,CAAC,0BAAD,EAA8BlB,IAAD,IAAQ;AACnC,YAAMuC,SAAS,GAAG;AACdlB,QAAAA,QAAQ,EAAC,WADK;AAEdE,QAAAA,QAAQ,EAAC;AAFK,OAAlB;;AAIA7B,oBAAK8B,OAAL,CAAaC,cAAb,EACCC,IADD,CACM,kBADN,EAECC,IAFD,CAEM;AAACN,QAAAA,QAAQ,EAACkB,SAAS,CAAClB,QAApB;AAA8BE,QAAAA,QAAQ,EAACgB,SAAS,CAAChB;AAAjD,OAFN,EAGCK,GAHD,CAGK,UAASC,GAAT,EAAcC,QAAd,EAAwB;AACzB,YAAID,GAAJ,EAAS,OAAO7B,IAAI,CAAC6B,GAAD,CAAX;AAETC,QAAAA,QAAQ,CAACnC,MAAT,CAAgBoC,IAAhB,CAAqBC,MAArB,CAA4B,GAA5B;AACAF,QAAAA,QAAQ,CAACG,IAAT,CAActC,MAAd,CAAqBoC,IAArB,CAA0BK,QAA1B,CAAmC,SAAnC,EAA8CC,GAA9C,CAAkD,WAAlD;AACJrC,QAAAA,IAAI;AACH,OATD;AAWH,KAhBC,CAAF;AAoBH,GAjEQ,CAAR;AAmEJ,CAtKO,CAAR","sourceRoot":"/home/nyakamwe/Desktop/my-brand-nyakamwe/server/src/test/","sourcesContent":["import mongoose from 'mongoose';\nimport chai from 'chai';\nimport server from \"../index\";\nimport chaiHttp from \"chai-http\";\nimport {Post} from \"../models/Post\";\nrequire(\"dotenv\").config();\n\n\n//to mock a function during testing\nimport { User } from '../models/User';\n\nlet user, autToken;\n\n//assertion style\nchai.should();\n\nchai.use(chaiHttp)  \n    \n    \ndescribe('Test for User Endpoints', ()=>{\n    before(function(done) {\n        // Connect to MongoDB database\n    const dbURI =`mongodb+srv://${process.env.DB_USER}:${process.env.DB_PASSWORD}@node-applications.fe4au.mongodb.net/node-tutorial?retryWrites=true&w=majority`\n    mongoose.connect(dbURI,{useNewUrlParser:true, useUnifiedTopology:true}).then((responseult)=>{\n\n            console.log('Db Connected!')\n            \n\n            done();\n            \n        }).catch((error)=>{\n            console.log(error)\n        })\n    \n     \n\n    });\n    \n    \n\n    /**\n     * Test create new user\n     */\n\n     describe('POST /api/users', ()=>{\n        before(()=>{\n            mongoose.connection.dropCollection(\"users\");\n        })\n\n        it('creates new user ', (done)=>{\n\n            const newUser = new User({\n                username:\"menase\",\n                email:\"menase@mail.com\",\n                password:\"password test\"\n           \n            })\n         \n\n            chai.request(server)\n            .post(\"/api/users/register\")\n            .send(newUser)\n            .end((err, response)=>{\n                response.should.have.status(201);\n                response.body.should.be.a('object');\n                response.body.should.have.property('message').eql(\"user created!\");\n            done();   \n            })\n        })\n\n\n        it('User exists', (done)=>{\n\n            user = new User({\n                username:\"menase\",\n                email:\"menase@mail.com\",\n                password:\"password test\"\n           \n            })\n\n            chai.request(server)\n            .post(\"/api/users/register\")\n            .send(user)\n            .end((err, response)=>{\n                response.should.have.status(403);\n                response.body.should.be.a('object');\n                response.body.should.have.property('message').eql(\"user already exists\");\n            done();   \n            })\n\n        })\n\n        it('No new user without username, email or password ', (done)=>{\n\n            const user = new User({\n                username:\"\",\n                email:\"\",\n                password:\"\"\n           \n            })\n\n            chai.request(server)\n            .post(\"/api/users/register\")\n            .send(user)\n            .end((err, response)=>{\n                response.should.have.status(403);\n                response.body.should.be.a('object');\n                response.body.should.have.property('message').eql(\"All fields are required\");\n            done();   \n            })\n        })\n\n    })\n\n    /**\n     * POST User login\n     */\n\n     describe('POST /api/users/login', ()=>{\n         after(()=>{\n             mongoose.connection.dropCollection('users')\n         })\n       \n        const logInUser = {\n            username:'menase',\n            password:'password test'\n        }\n\n        it('login a user', (done)=>{\n            chai.request(server)\n            .post('/api/users/login')\n            .send({username:logInUser.username, password:logInUser.password})\n            .end(function(err, response) {\n                if (err) return done(err);\n\n                response.should.have.status(200);\n                response.body.should.be.a('object');\n                autToken = response.body.Token\n                \n                done();\n            });\n\n        })\n\n        it('not login a user with incorrect credentials', (done)=>{\n            const logInUser = {\n                username:'menase',\n                password:'password'\n            }\n            chai.request(server)\n            .post('/api/users/login')\n            .send({username:logInUser.username, password:logInUser.password})\n            .end(function(err, response) {\n                if (err) return done(err);\n\n                response.should.have.status(403);\n                response.body.should.be.a('object');\n                response.body.should.have.property('message').eql(\"Invalid username or password.\");\n            done();   \n            });\n\n        })\n\n        it('not login anonymous user', (done)=>{\n            const logInUser = {\n                username:'hereweare',\n                password:'hereweare'\n            }\n            chai.request(server)\n            .post('/api/users/login')\n            .send({username:logInUser.username, password:logInUser.password})\n            .end(function(err, response) {\n                if (err) return done(err);\n\n                response.should.have.status(400);\n                response.body.should.have.property('message').eql(\"Not User.\");\n            done();   \n            });\n\n        })\n\n\n       \n    })\n\n})    "]},"_coverageSchema":"1a1c01bbd47fc00a2c39e90264f33305004495a9","hash":"13caa10b62a09fd36ee98cc730743581ee57b9a7","contentHash":"8b7615f14392b4a700969c0a19c71aa1246f0bf16ebb7256df363bc7d134b70d"}}