{"total": {"lines":{"total":602,"covered":406,"skipped":0,"pct":67.44},"statements":{"total":615,"covered":408,"skipped":0,"pct":66.34},"functions":{"total":132,"covered":108,"skipped":0,"pct":81.81},"branches":{"total":75,"covered":18,"skipped":0,"pct":24},"branchesTrue":{"total":0,"covered":0,"skipped":0,"pct":100}}
,"/home/nyakamwe/Desktop/my-brand-nyakamwe/server/src/index.js": {"lines":{"total":32,"covered":31,"skipped":0,"pct":96.87},"functions":{"total":3,"covered":2,"skipped":0,"pct":66.66},"statements":{"total":32,"covered":31,"skipped":0,"pct":96.87},"branches":{"total":2,"covered":1,"skipped":0,"pct":50}}
,"/home/nyakamwe/Desktop/my-brand-nyakamwe/server/src/uploadConfig.js": {"lines":{"total":6,"covered":5,"skipped":0,"pct":83.33},"functions":{"total":1,"covered":0,"skipped":0,"pct":0},"statements":{"total":6,"covered":5,"skipped":0,"pct":83.33},"branches":{"total":0,"covered":0,"skipped":0,"pct":100}}
,"/home/nyakamwe/Desktop/my-brand-nyakamwe/server/src/AuthMiddleWare/AuthenticateToken.js": {"lines":{"total":8,"covered":6,"skipped":0,"pct":75},"functions":{"total":2,"covered":2,"skipped":0,"pct":100},"statements":{"total":10,"covered":7,"skipped":0,"pct":70},"branches":{"total":6,"covered":4,"skipped":0,"pct":66.66}}
,"/home/nyakamwe/Desktop/my-brand-nyakamwe/server/src/controllers/commentControllers.js": {"lines":{"total":37,"covered":16,"skipped":0,"pct":43.24},"functions":{"total":4,"covered":2,"skipped":0,"pct":50},"statements":{"total":38,"covered":17,"skipped":0,"pct":44.73},"branches":{"total":10,"covered":2,"skipped":0,"pct":20}}
,"/home/nyakamwe/Desktop/my-brand-nyakamwe/server/src/controllers/likeControllers.js": {"lines":{"total":17,"covered":2,"skipped":0,"pct":11.76},"functions":{"total":3,"covered":0,"skipped":0,"pct":0},"statements":{"total":17,"covered":2,"skipped":0,"pct":11.76},"branches":{"total":8,"covered":0,"skipped":0,"pct":0}}
,"/home/nyakamwe/Desktop/my-brand-nyakamwe/server/src/controllers/messageControllers.js": {"lines":{"total":26,"covered":10,"skipped":0,"pct":38.46},"functions":{"total":4,"covered":1,"skipped":0,"pct":25},"statements":{"total":29,"covered":10,"skipped":0,"pct":34.48},"branches":{"total":10,"covered":4,"skipped":0,"pct":40}}
,"/home/nyakamwe/Desktop/my-brand-nyakamwe/server/src/controllers/postControllers.js": {"lines":{"total":39,"covered":9,"skipped":0,"pct":23.07},"functions":{"total":5,"covered":1,"skipped":0,"pct":20},"statements":{"total":39,"covered":9,"skipped":0,"pct":23.07},"branches":{"total":14,"covered":0,"skipped":0,"pct":0}}
,"/home/nyakamwe/Desktop/my-brand-nyakamwe/server/src/controllers/userControllers.js": {"lines":{"total":30,"covered":10,"skipped":0,"pct":33.33},"functions":{"total":4,"covered":1,"skipped":0,"pct":25},"statements":{"total":31,"covered":10,"skipped":0,"pct":32.25},"branches":{"total":11,"covered":1,"skipped":0,"pct":9.09}}
,"/home/nyakamwe/Desktop/my-brand-nyakamwe/server/src/helpers/cloudinaryImage.js": {"lines":{"total":4,"covered":4,"skipped":0,"pct":100},"functions":{"total":0,"covered":0,"skipped":0,"pct":100},"statements":{"total":4,"covered":4,"skipped":0,"pct":100},"branches":{"total":0,"covered":0,"skipped":0,"pct":100}}
,"/home/nyakamwe/Desktop/my-brand-nyakamwe/server/src/models/Contact.js": {"lines":{"total":3,"covered":3,"skipped":0,"pct":100},"functions":{"total":0,"covered":0,"skipped":0,"pct":100},"statements":{"total":3,"covered":3,"skipped":0,"pct":100},"branches":{"total":0,"covered":0,"skipped":0,"pct":100}}
,"/home/nyakamwe/Desktop/my-brand-nyakamwe/server/src/models/Post.js": {"lines":{"total":6,"covered":6,"skipped":0,"pct":100},"functions":{"total":0,"covered":0,"skipped":0,"pct":100},"statements":{"total":6,"covered":6,"skipped":0,"pct":100},"branches":{"total":0,"covered":0,"skipped":0,"pct":100}}
,"/home/nyakamwe/Desktop/my-brand-nyakamwe/server/src/models/User.js": {"lines":{"total":17,"covered":7,"skipped":0,"pct":41.17},"functions":{"total":3,"covered":0,"skipped":0,"pct":0},"statements":{"total":17,"covered":7,"skipped":0,"pct":41.17},"branches":{"total":2,"covered":0,"skipped":0,"pct":0}}
,"/home/nyakamwe/Desktop/my-brand-nyakamwe/server/src/routes/CommentRoutes.js": {"lines":{"total":9,"covered":9,"skipped":0,"pct":100},"functions":{"total":0,"covered":0,"skipped":0,"pct":100},"statements":{"total":9,"covered":9,"skipped":0,"pct":100},"branches":{"total":0,"covered":0,"skipped":0,"pct":100}}
,"/home/nyakamwe/Desktop/my-brand-nyakamwe/server/src/routes/LikeRoutes.js": {"lines":{"total":6,"covered":6,"skipped":0,"pct":100},"functions":{"total":0,"covered":0,"skipped":0,"pct":100},"statements":{"total":6,"covered":6,"skipped":0,"pct":100},"branches":{"total":0,"covered":0,"skipped":0,"pct":100}}
,"/home/nyakamwe/Desktop/my-brand-nyakamwe/server/src/routes/MessageRoutes.js": {"lines":{"total":9,"covered":9,"skipped":0,"pct":100},"functions":{"total":0,"covered":0,"skipped":0,"pct":100},"statements":{"total":9,"covered":9,"skipped":0,"pct":100},"branches":{"total":0,"covered":0,"skipped":0,"pct":100}}
,"/home/nyakamwe/Desktop/my-brand-nyakamwe/server/src/routes/PostRoutes.js": {"lines":{"total":11,"covered":11,"skipped":0,"pct":100},"functions":{"total":0,"covered":0,"skipped":0,"pct":100},"statements":{"total":11,"covered":11,"skipped":0,"pct":100},"branches":{"total":0,"covered":0,"skipped":0,"pct":100}}
,"/home/nyakamwe/Desktop/my-brand-nyakamwe/server/src/routes/UserRoutes.js": {"lines":{"total":8,"covered":8,"skipped":0,"pct":100},"functions":{"total":0,"covered":0,"skipped":0,"pct":100},"statements":{"total":8,"covered":8,"skipped":0,"pct":100},"branches":{"total":0,"covered":0,"skipped":0,"pct":100}}
,"/home/nyakamwe/Desktop/my-brand-nyakamwe/server/src/test/comment_test.js": {"lines":{"total":102,"covered":75,"skipped":0,"pct":73.52},"functions":{"total":30,"covered":29,"skipped":0,"pct":96.66},"statements":{"total":103,"covered":75,"skipped":0,"pct":72.81},"branches":{"total":2,"covered":1,"skipped":0,"pct":50}}
,"/home/nyakamwe/Desktop/my-brand-nyakamwe/server/src/test/contact_test.js": {"lines":{"total":56,"covered":47,"skipped":0,"pct":83.92},"functions":{"total":18,"covered":17,"skipped":0,"pct":94.44},"statements":{"total":57,"covered":47,"skipped":0,"pct":82.45},"branches":{"total":2,"covered":1,"skipped":0,"pct":50}}
,"/home/nyakamwe/Desktop/my-brand-nyakamwe/server/src/test/post_test.js": {"lines":{"total":110,"covered":82,"skipped":0,"pct":74.54},"functions":{"total":35,"covered":34,"skipped":0,"pct":97.14},"statements":{"total":111,"covered":82,"skipped":0,"pct":73.87},"branches":{"total":2,"covered":1,"skipped":0,"pct":50}}
,"/home/nyakamwe/Desktop/my-brand-nyakamwe/server/src/test/user_test.js": {"lines":{"total":66,"covered":50,"skipped":0,"pct":75.75},"functions":{"total":20,"covered":19,"skipped":0,"pct":95},"statements":{"total":69,"covered":50,"skipped":0,"pct":72.46},"branches":{"total":6,"covered":3,"skipped":0,"pct":50}}
}
