TN:
SF:src/index.js
FN:65,(anonymous_1)
FN:69,(anonymous_2)
FN:74,(anonymous_3)
FNF:3
FNH:2
FNDA:1,(anonymous_1)
FNDA:0,(anonymous_2)
FNDA:1,(anonymous_3)
DA:1,1
DA:2,1
DA:3,1
DA:4,1
DA:5,1
DA:6,1
DA:7,1
DA:10,1
DA:11,1
DA:12,1
DA:13,1
DA:14,1
DA:17,1
DA:19,1
DA:21,1
DA:24,1
DA:29,1
DA:30,1
DA:31,1
DA:32,1
DA:33,1
DA:37,1
DA:38,1
DA:41,1
DA:56,1
DA:58,1
DA:64,1
DA:65,1
DA:67,1
DA:70,0
DA:74,1
DA:75,1
LF:32
LH:31
BRDA:21,0,0,1
BRDA:21,0,1,0
BRF:2
BRH:1
end_of_record
TN:
SF:src/uploadConfig.js
FN:8,(anonymous_1)
FNF:1
FNH:1
FNDA:2,(anonymous_1)
DA:1,1
DA:2,1
DA:6,1
DA:9,2
DA:15,1
DA:27,1
LF:6
LH:6
BRF:0
BRH:0
end_of_record
TN:
SF:src/AuthMiddleWare/AuthenticateToken.js
FN:4,authenticateToken
FN:9,(anonymous_2)
FNF:2
FNH:2
FNDA:12,authenticateToken
FNDA:12,(anonymous_2)
DA:1,1
DA:5,12
DA:6,12
DA:7,12
DA:9,12
DA:12,12
DA:14,11
DA:16,11
LF:8
LH:8
BRDA:6,0,0,12
BRDA:6,0,1,12
BRDA:7,1,0,0
BRDA:7,1,1,12
BRDA:12,2,0,1
BRDA:12,2,1,11
BRF:6
BRH:5
end_of_record
TN:
SF:src/controllers/commentControllers.js
FN:5,(anonymous_0)
FN:26,(anonymous_1)
FN:48,(anonymous_2)
FN:67,(anonymous_3)
FNF:4
FNH:4
FNDA:2,(anonymous_0)
FNDA:2,(anonymous_1)
FNDA:2,(anonymous_2)
FNDA:2,(anonymous_3)
DA:1,1
DA:5,1
DA:6,2
DA:7,2
DA:9,2
DA:11,1
DA:16,1
DA:17,1
DA:18,1
DA:21,1
DA:26,1
DA:27,2
DA:28,2
DA:29,2
DA:30,2
DA:32,1
DA:34,1
DA:36,1
DA:38,0
DA:42,0
DA:48,1
DA:50,2
DA:51,2
DA:52,2
DA:53,2
DA:54,1
DA:57,1
DA:60,0
DA:67,1
DA:69,2
DA:70,2
DA:71,2
DA:72,2
DA:75,1
DA:77,1
DA:81,1
DA:85,0
LF:37
LH:33
BRDA:9,0,0,1
BRDA:9,0,1,1
BRDA:30,1,0,1
BRDA:30,1,1,1
BRDA:34,2,0,1
BRDA:34,2,1,0
BRDA:53,3,0,1
BRDA:53,3,1,1
BRDA:72,4,0,1
BRDA:72,4,1,1
BRF:10
BRH:9
end_of_record
TN:
SF:src/controllers/likeControllers.js
FN:5,(anonymous_0)
FN:10,(anonymous_1)
FN:20,(anonymous_2)
FNF:3
FNH:0
FNDA:0,(anonymous_0)
FNDA:0,(anonymous_1)
FNDA:0,(anonymous_2)
DA:1,1
DA:5,1
DA:6,0
DA:7,0
DA:8,0
DA:10,0
DA:11,0
DA:12,0
DA:17,0
DA:20,0
DA:21,0
DA:22,0
DA:23,0
DA:24,0
DA:30,0
DA:31,0
DA:33,0
LF:17
LH:2
BRDA:7,0,0,0
BRDA:7,0,1,0
BRDA:11,1,0,0
BRDA:11,1,1,0
BRDA:11,2,0,0
BRDA:11,2,1,0
BRDA:17,3,0,0
BRDA:17,3,1,0
BRF:8
BRH:0
end_of_record
TN:
SF:src/controllers/messageControllers.js
FN:4,(anonymous_0)
FN:17,(anonymous_1)
FN:31,(anonymous_2)
FN:47,(anonymous_3)
FNF:4
FNH:2
FNDA:1,(anonymous_0)
FNDA:0,(anonymous_1)
FNDA:0,(anonymous_2)
FNDA:2,(anonymous_3)
DA:1,1
DA:4,1
DA:5,1
DA:6,1
DA:7,1
DA:9,1
DA:11,0
DA:17,1
DA:18,0
DA:19,0
DA:20,0
DA:22,0
DA:25,0
DA:31,1
DA:32,0
DA:33,0
DA:34,0
DA:36,0
DA:38,0
DA:41,0
DA:47,1
DA:48,2
DA:49,1
DA:52,1
DA:58,1
DA:60,1
LF:26
LH:14
BRDA:7,0,0,0
BRDA:7,0,1,1
BRDA:20,1,0,0
BRDA:20,1,1,0
BRDA:34,2,0,0
BRDA:34,2,1,0
BRDA:48,3,0,1
BRDA:48,3,1,1
BRDA:48,4,0,2
BRDA:48,4,1,1
BRF:10
BRH:5
end_of_record
TN:
SF:src/controllers/postControllers.js
FN:7,(anonymous_1)
FN:13,(anonymous_2)
FN:56,(anonymous_3)
FN:72,(anonymous_4)
FN:111,(anonymous_5)
FNF:5
FNH:5
FNDA:1,(anonymous_1)
FNDA:3,(anonymous_2)
FNDA:2,(anonymous_3)
FNDA:1,(anonymous_4)
FNDA:2,(anonymous_5)
DA:2,1
DA:3,1
DA:7,1
DA:8,1
DA:9,1
DA:13,1
DA:15,3
DA:16,3
DA:17,1
DA:22,2
DA:30,2
DA:38,2
DA:40,2
DA:49,0
DA:56,1
DA:57,2
DA:58,2
DA:60,1
DA:61,0
DA:64,1
DA:67,1
DA:72,1
DA:73,1
DA:74,1
DA:75,1
DA:76,1
DA:78,0
DA:84,0
DA:86,0
DA:88,0
DA:89,0
DA:92,1
DA:94,1
DA:96,1
DA:97,1
DA:102,0
DA:106,0
DA:111,1
DA:112,2
DA:113,2
DA:114,2
DA:116,1
DA:117,1
DA:120,1
DA:125,0
LF:45
LH:35
BRDA:16,0,0,1
BRDA:16,0,1,2
BRDA:16,1,0,3
BRDA:16,1,1,2
BRDA:60,2,0,0
BRDA:60,2,1,1
BRDA:75,3,0,1
BRDA:75,3,1,0
BRDA:76,4,0,0
BRDA:76,4,1,1
BRDA:84,5,0,0
BRDA:84,5,1,0
BRDA:85,6,0,0
BRDA:85,6,1,0
BRDA:92,7,0,1
BRDA:92,7,1,0
BRDA:93,8,0,1
BRDA:93,8,1,0
BRDA:114,9,0,1
BRDA:114,9,1,1
BRF:20
BRH:11
end_of_record
TN:
SF:src/controllers/userControllers.js
FN:7,(anonymous_1)
FN:9,(anonymous_2)
FN:15,(anonymous_3)
FN:45,(anonymous_4)
FNF:4
FNH:2
FNDA:0,(anonymous_1)
FNDA:0,(anonymous_2)
FNDA:6,(anonymous_3)
FNDA:6,(anonymous_4)
DA:2,1
DA:3,1
DA:4,1
DA:7,1
DA:9,0
DA:10,0
DA:15,1
DA:16,6
DA:17,6
DA:18,1
DA:21,5
DA:22,5
DA:24,5
DA:25,5
DA:27,4
DA:33,4
DA:35,4
DA:38,0
DA:45,1
DA:46,6
DA:47,6
DA:49,6
DA:50,5
DA:51,5
DA:54,4
DA:58,4
DA:60,4
DA:62,1
DA:66,1
DA:71,0
LF:30
LH:26
BRDA:17,0,0,1
BRDA:17,0,1,5
BRDA:17,1,0,6
BRDA:17,1,1,5
BRDA:17,1,2,5
BRDA:25,2,0,1
BRDA:25,2,1,4
BRDA:49,3,0,5
BRDA:49,3,1,1
BRDA:51,4,0,4
BRDA:51,4,1,1
BRF:11
BRH:11
end_of_record
TN:
SF:src/helpers/cloudinaryImage.js
FNF:0
FNH:0
DA:1,1
DA:2,1
DA:4,1
DA:10,1
LF:4
LH:4
BRF:0
BRH:0
end_of_record
TN:
SF:src/models/Contact.js
FNF:0
FNH:0
DA:1,1
DA:3,1
DA:16,1
LF:3
LH:3
BRF:0
BRH:0
end_of_record
TN:
SF:src/models/Post.js
FNF:0
FNH:0
DA:1,1
DA:4,1
DA:13,1
DA:39,1
DA:40,1
LF:5
LH:5
BRF:0
BRH:0
end_of_record
TN:
SF:src/models/User.js
FN:20,(anonymous_1)
FN:39,(anonymous_2)
FN:44,(anonymous_3)
FNF:3
FNH:2
FNDA:5,(anonymous_1)
FNDA:5,(anonymous_2)
FNDA:0,(anonymous_3)
DA:1,1
DA:2,1
DA:3,1
DA:5,1
DA:20,1
DA:21,5
DA:22,5
DA:23,5
DA:24,1
DA:26,4
DA:31,0
DA:32,0
DA:39,1
DA:40,5
DA:41,5
DA:44,1
DA:45,0
DA:48,1
LF:18
LH:15
BRDA:23,0,0,1
BRDA:23,0,1,4
BRF:2
BRH:2
end_of_record
TN:
SF:src/routes/CommentRoutes.js
FNF:0
FNH:0
DA:1,1
DA:2,1
DA:3,1
DA:5,1
DA:8,1
DA:11,1
DA:14,1
DA:17,1
DA:21,1
LF:9
LH:9
BRF:0
BRH:0
end_of_record
TN:
SF:src/routes/LikeRoutes.js
FNF:0
FNH:0
DA:1,1
DA:3,1
DA:5,1
DA:7,1
DA:11,1
DA:18,1
LF:6
LH:6
BRF:0
BRH:0
end_of_record
TN:
SF:src/routes/MessageRoutes.js
FNF:0
FNH:0
DA:1,1
DA:2,1
DA:3,1
DA:5,1
DA:9,1
DA:11,1
DA:13,1
DA:15,1
DA:16,1
LF:9
LH:9
BRF:0
BRH:0
end_of_record
TN:
SF:src/routes/PostRoutes.js
FNF:0
FNH:0
DA:1,1
DA:3,1
DA:5,1
DA:7,1
DA:9,1
DA:13,1
DA:16,1
DA:19,1
DA:22,1
DA:25,1
DA:30,1
LF:11
LH:11
BRF:0
BRH:0
end_of_record
TN:
SF:src/routes/UserRoutes.js
FNF:0
FNH:0
DA:1,1
DA:2,1
DA:4,1
DA:6,1
DA:12,1
DA:14,1
DA:17,1
DA:19,1
LF:8
LH:8
BRF:0
BRH:0
end_of_record
TN:
SF:src/test/comment_test.js
FN:20,(anonymous_4)
FN:21,(anonymous_5)
FN:24,(anonymous_6)
FN:30,(anonymous_7)
FN:41,(anonymous_8)
FN:42,(anonymous_9)
FN:48,(anonymous_10)
FN:60,(anonymous_11)
FN:74,(anonymous_12)
FN:78,(anonymous_13)
FN:91,(anonymous_14)
FN:141,(anonymous_15)
FN:155,(anonymous_16)
FN:167,(anonymous_17)
FN:177,(anonymous_18)
FN:191,(anonymous_19)
FN:193,(anonymous_20)
FN:199,(anonymous_21)
FN:206,(anonymous_22)
FN:212,(anonymous_23)
FN:220,(anonymous_24)
FN:225,(anonymous_25)
FN:233,(anonymous_26)
FN:238,(anonymous_27)
FN:254,(anonymous_28)
FN:255,(anonymous_29)
FN:260,(anonymous_30)
FN:267,(anonymous_31)
FN:272,(anonymous_32)
FNF:29
FNH:28
FNDA:1,(anonymous_4)
FNDA:1,(anonymous_5)
FNDA:1,(anonymous_6)
FNDA:0,(anonymous_7)
FNDA:1,(anonymous_8)
FNDA:1,(anonymous_9)
FNDA:1,(anonymous_10)
FNDA:1,(anonymous_11)
FNDA:1,(anonymous_12)
FNDA:1,(anonymous_13)
FNDA:1,(anonymous_14)
FNDA:1,(anonymous_15)
FNDA:1,(anonymous_16)
FNDA:1,(anonymous_17)
FNDA:1,(anonymous_18)
FNDA:1,(anonymous_19)
FNDA:1,(anonymous_20)
FNDA:1,(anonymous_21)
FNDA:1,(anonymous_22)
FNDA:1,(anonymous_23)
FNDA:1,(anonymous_24)
FNDA:1,(anonymous_25)
FNDA:1,(anonymous_26)
FNDA:1,(anonymous_27)
FNDA:1,(anonymous_28)
FNDA:1,(anonymous_29)
FNDA:1,(anonymous_30)
FNDA:1,(anonymous_31)
FNDA:1,(anonymous_32)
DA:1,1
DA:2,1
DA:3,1
DA:4,1
DA:5,1
DA:6,1
DA:7,1
DA:10,1
DA:15,1
DA:17,1
DA:20,1
DA:21,1
DA:23,1
DA:24,1
DA:26,1
DA:28,1
DA:31,0
DA:41,1
DA:42,1
DA:43,1
DA:44,1
DA:48,1
DA:50,1
DA:57,1
DA:61,1
DA:62,1
DA:63,1
DA:64,1
DA:69,1
DA:74,1
DA:75,1
DA:79,1
DA:81,1
DA:82,1
DA:83,1
DA:85,1
DA:91,1
DA:92,1
DA:93,1
DA:102,1
DA:103,1
DA:104,1
DA:105,1
DA:107,1
DA:141,1
DA:142,1
DA:144,1
DA:149,1
DA:151,1
DA:156,1
DA:157,1
DA:158,1
DA:160,1
DA:162,1
DA:167,1
DA:168,1
DA:169,1
DA:173,1
DA:178,1
DA:179,1
DA:180,1
DA:181,1
DA:191,1
DA:193,1
DA:194,1
DA:196,1
DA:200,1
DA:201,1
DA:202,1
DA:206,1
DA:208,1
DA:209,1
DA:213,1
DA:214,1
DA:215,1
DA:220,1
DA:221,1
DA:222,1
DA:226,1
DA:227,1
DA:228,1
DA:229,1
DA:233,1
DA:234,1
DA:235,1
DA:239,1
DA:240,1
DA:241,1
DA:242,1
DA:254,1
DA:255,1
DA:256,1
DA:257,1
DA:261,1
DA:263,1
DA:267,1
DA:268,1
DA:269,1
DA:273,1
DA:274,1
DA:275,1
LF:101
LH:100
BRDA:79,0,0,0
BRDA:79,0,1,1
BRF:2
BRH:1
end_of_record
TN:
SF:src/test/contact_test.js
FN:20,(anonymous_1)
FN:21,(anonymous_2)
FN:24,(anonymous_3)
FN:30,(anonymous_4)
FN:42,(anonymous_5)
FN:43,(anonymous_6)
FN:49,(anonymous_7)
FN:61,(anonymous_8)
FN:75,(anonymous_9)
FN:79,(anonymous_10)
FN:91,(anonymous_11)
FN:101,(anonymous_12)
FN:108,(anonymous_13)
FN:118,(anonymous_14)
FN:131,(anonymous_15)
FN:132,(anonymous_16)
FN:136,(anonymous_17)
FN:140,(anonymous_18)
FNF:18
FNH:17
FNDA:1,(anonymous_1)
FNDA:1,(anonymous_2)
FNDA:1,(anonymous_3)
FNDA:0,(anonymous_4)
FNDA:1,(anonymous_5)
FNDA:1,(anonymous_6)
FNDA:1,(anonymous_7)
FNDA:1,(anonymous_8)
FNDA:1,(anonymous_9)
FNDA:1,(anonymous_10)
FNDA:1,(anonymous_11)
FNDA:1,(anonymous_12)
FNDA:1,(anonymous_13)
FNDA:1,(anonymous_14)
FNDA:1,(anonymous_15)
FNDA:1,(anonymous_16)
FNDA:1,(anonymous_17)
FNDA:1,(anonymous_18)
DA:1,1
DA:2,1
DA:3,1
DA:4,1
DA:5,1
DA:6,1
DA:10,1
DA:15,1
DA:17,1
DA:20,1
DA:21,1
DA:23,1
DA:24,1
DA:26,1
DA:28,1
DA:31,0
DA:42,1
DA:43,1
DA:44,1
DA:45,1
DA:49,1
DA:51,1
DA:58,1
DA:62,1
DA:63,1
DA:64,1
DA:65,1
DA:70,1
DA:75,1
DA:76,1
DA:80,1
DA:82,1
DA:83,1
DA:84,1
DA:86,1
DA:91,1
DA:92,1
DA:98,1
DA:102,1
DA:103,1
DA:104,1
DA:108,1
DA:109,1
DA:115,1
DA:119,1
DA:120,1
DA:121,1
DA:131,1
DA:132,1
DA:133,1
DA:134,1
DA:136,1
DA:137,1
DA:141,1
DA:143,1
DA:144,1
LF:56
LH:55
BRDA:80,0,0,0
BRDA:80,0,1,1
BRF:2
BRH:1
end_of_record
TN:
SF:src/test/post_test.js
FN:20,(anonymous_1)
FN:21,(anonymous_2)
FN:24,(anonymous_3)
FN:30,(anonymous_4)
FN:42,(anonymous_5)
FN:43,(anonymous_6)
FN:51,(anonymous_7)
FN:63,(anonymous_8)
FN:78,(anonymous_9)
FN:82,(anonymous_10)
FN:95,(anonymous_11)
FN:204,(anonymous_12)
FN:218,(anonymous_13)
FN:227,(anonymous_14)
FN:242,(anonymous_15)
FN:257,(anonymous_16)
FN:259,(anonymous_17)
FN:263,(anonymous_18)
FN:289,(anonymous_19)
FN:291,(anonymous_20)
FN:296,(anonymous_21)
FN:307,(anonymous_22)
FN:312,(anonymous_23)
FN:328,(anonymous_24)
FN:329,(anonymous_25)
FN:341,(anonymous_26)
FN:357,(anonymous_27)
FN:358,(anonymous_28)
FN:364,(anonymous_29)
FN:369,(anonymous_30)
FN:376,(anonymous_31)
FN:381,(anonymous_32)
FNF:32
FNH:31
FNDA:1,(anonymous_1)
FNDA:1,(anonymous_2)
FNDA:1,(anonymous_3)
FNDA:0,(anonymous_4)
FNDA:1,(anonymous_5)
FNDA:1,(anonymous_6)
FNDA:1,(anonymous_7)
FNDA:1,(anonymous_8)
FNDA:1,(anonymous_9)
FNDA:1,(anonymous_10)
FNDA:1,(anonymous_11)
FNDA:1,(anonymous_12)
FNDA:1,(anonymous_13)
FNDA:1,(anonymous_14)
FNDA:1,(anonymous_15)
FNDA:1,(anonymous_16)
FNDA:1,(anonymous_17)
FNDA:1,(anonymous_18)
FNDA:1,(anonymous_19)
FNDA:1,(anonymous_20)
FNDA:1,(anonymous_21)
FNDA:1,(anonymous_22)
FNDA:1,(anonymous_23)
FNDA:1,(anonymous_24)
FNDA:1,(anonymous_25)
FNDA:1,(anonymous_26)
FNDA:1,(anonymous_27)
FNDA:1,(anonymous_28)
FNDA:1,(anonymous_29)
FNDA:1,(anonymous_30)
FNDA:1,(anonymous_31)
FNDA:1,(anonymous_32)
DA:1,1
DA:2,1
DA:3,1
DA:4,1
DA:5,1
DA:6,1
DA:7,1
DA:10,1
DA:15,1
DA:17,1
DA:20,1
DA:21,1
DA:23,1
DA:24,1
DA:26,1
DA:28,1
DA:31,0
DA:42,1
DA:43,1
DA:44,1
DA:45,1
DA:51,1
DA:53,1
DA:60,1
DA:64,1
DA:65,1
DA:66,1
DA:67,1
DA:73,1
DA:78,1
DA:79,1
DA:83,1
DA:85,1
DA:86,1
DA:87,1
DA:89,1
DA:95,1
DA:96,1
DA:97,1
DA:106,1
DA:107,1
DA:108,1
DA:109,1
DA:111,1
DA:202,1
DA:204,1
DA:206,1
DA:213,1
DA:219,1
DA:220,1
DA:221,1
DA:227,1
DA:229,1
DA:236,1
DA:243,1
DA:244,1
DA:245,1
DA:257,1
DA:259,1
DA:260,1
DA:264,1
DA:265,1
DA:266,1
DA:289,1
DA:291,1
DA:292,1
DA:293,1
DA:297,1
DA:298,1
DA:299,1
DA:301,1
DA:307,1
DA:308,1
DA:309,1
DA:313,1
DA:314,1
DA:316,1
DA:328,1
DA:329,1
DA:331,1
DA:332,1
DA:337,1
DA:342,1
DA:343,1
DA:344,1
DA:346,1
DA:357,1
DA:358,1
DA:359,1
DA:360,1
DA:364,1
DA:365,1
DA:366,1
DA:370,1
DA:372,1
DA:376,1
DA:377,1
DA:378,1
DA:382,1
DA:383,1
DA:384,1
LF:101
LH:100
BRDA:83,0,0,0
BRDA:83,0,1,1
BRF:2
BRH:1
end_of_record
TN:
SF:src/test/user_test.js
FN:20,(anonymous_1)
FN:21,(anonymous_2)
FN:24,(anonymous_3)
FN:31,(anonymous_4)
FN:45,(anonymous_5)
FN:46,(anonymous_6)
FN:50,(anonymous_7)
FN:63,(anonymous_8)
FN:72,(anonymous_9)
FN:84,(anonymous_10)
FN:93,(anonymous_11)
FN:105,(anonymous_12)
FN:119,(anonymous_13)
FN:120,(anonymous_14)
FN:129,(anonymous_15)
FN:133,(anonymous_16)
FN:145,(anonymous_17)
FN:153,(anonymous_18)
FN:164,(anonymous_19)
FN:172,(anonymous_20)
FNF:20
FNH:19
FNDA:1,(anonymous_1)
FNDA:1,(anonymous_2)
FNDA:1,(anonymous_3)
FNDA:0,(anonymous_4)
FNDA:1,(anonymous_5)
FNDA:1,(anonymous_6)
FNDA:1,(anonymous_7)
FNDA:1,(anonymous_8)
FNDA:1,(anonymous_9)
FNDA:1,(anonymous_10)
FNDA:1,(anonymous_11)
FNDA:1,(anonymous_12)
FNDA:1,(anonymous_13)
FNDA:1,(anonymous_14)
FNDA:1,(anonymous_15)
FNDA:1,(anonymous_16)
FNDA:1,(anonymous_17)
FNDA:1,(anonymous_18)
FNDA:1,(anonymous_19)
FNDA:1,(anonymous_20)
DA:1,1
DA:2,1
DA:3,1
DA:4,1
DA:5,1
DA:6,1
DA:10,1
DA:15,1
DA:17,1
DA:20,1
DA:21,1
DA:23,1
DA:24,1
DA:26,1
DA:29,1
DA:32,0
DA:45,1
DA:46,1
DA:47,1
DA:50,1
DA:52,1
DA:60,1
DA:64,1
DA:65,1
DA:66,1
DA:67,1
DA:72,1
DA:74,1
DA:81,1
DA:85,1
DA:86,1
DA:87,1
DA:88,1
DA:93,1
DA:95,1
DA:102,1
DA:106,1
DA:107,1
DA:108,1
DA:109,1
DA:119,1
DA:120,1
DA:121,1
DA:124,1
DA:129,1
DA:130,1
DA:134,1
DA:136,1
DA:137,1
DA:138,1
DA:140,1
DA:145,1
DA:146,1
DA:150,1
DA:154,1
DA:156,1
DA:157,1
DA:158,1
DA:159,1
DA:164,1
DA:165,1
DA:169,1
DA:173,1
DA:175,1
DA:176,1
DA:177,1
LF:66
LH:65
BRDA:134,0,0,0
BRDA:134,0,1,1
BRDA:154,1,0,0
BRDA:154,1,1,1
BRDA:173,2,0,0
BRDA:173,2,1,1
BRF:6
BRH:3
end_of_record
