{"total": {"lines":{"total":570,"covered":538,"skipped":0,"pct":94.38},"statements":{"total":579,"covered":541,"skipped":0,"pct":93.43},"functions":{"total":134,"covered":120,"skipped":0,"pct":89.55},"branches":{"total":61,"covered":48,"skipped":0,"pct":78.68},"branchesTrue":{"total":0,"covered":0,"skipped":0,"pct":100}}
,"/home/nyakamwe/Desktop/my-brand-nyakamwe/server/src/index.js": {"lines":{"total":34,"covered":33,"skipped":0,"pct":97.05},"functions":{"total":4,"covered":3,"skipped":0,"pct":75},"statements":{"total":34,"covered":33,"skipped":0,"pct":97.05},"branches":{"total":2,"covered":1,"skipped":0,"pct":50}}
,"/home/nyakamwe/Desktop/my-brand-nyakamwe/server/src/uploadConfig.js": {"lines":{"total":6,"covered":5,"skipped":0,"pct":83.33},"functions":{"total":1,"covered":0,"skipped":0,"pct":0},"statements":{"total":6,"covered":5,"skipped":0,"pct":83.33},"branches":{"total":0,"covered":0,"skipped":0,"pct":100}}
,"/home/nyakamwe/Desktop/my-brand-nyakamwe/server/src/AuthMiddleWare/AuthenticateToken.js": {"lines":{"total":8,"covered":8,"skipped":0,"pct":100},"functions":{"total":2,"covered":2,"skipped":0,"pct":100},"statements":{"total":10,"covered":9,"skipped":0,"pct":90},"branches":{"total":6,"covered":5,"skipped":0,"pct":83.33}}
,"/home/nyakamwe/Desktop/my-brand-nyakamwe/server/src/controllers/commentControllers.js": {"lines":{"total":37,"covered":33,"skipped":0,"pct":89.18},"functions":{"total":4,"covered":4,"skipped":0,"pct":100},"statements":{"total":38,"covered":34,"skipped":0,"pct":89.47},"branches":{"total":10,"covered":9,"skipped":0,"pct":90}}
,"/home/nyakamwe/Desktop/my-brand-nyakamwe/server/src/controllers/likeControllers.js": {"lines":{"total":13,"covered":3,"skipped":0,"pct":23.07},"functions":{"total":4,"covered":0,"skipped":0,"pct":0},"statements":{"total":13,"covered":3,"skipped":0,"pct":23.07},"branches":{"total":4,"covered":0,"skipped":0,"pct":0}}
,"/home/nyakamwe/Desktop/my-brand-nyakamwe/server/src/controllers/messageControllers.js": {"lines":{"total":11,"covered":10,"skipped":0,"pct":90.9},"functions":{"total":4,"covered":3,"skipped":0,"pct":75},"statements":{"total":11,"covered":10,"skipped":0,"pct":90.9},"branches":{"total":4,"covered":4,"skipped":0,"pct":100}}
,"/home/nyakamwe/Desktop/my-brand-nyakamwe/server/src/controllers/postControllers.js": {"lines":{"total":36,"covered":32,"skipped":0,"pct":88.88},"functions":{"total":5,"covered":5,"skipped":0,"pct":100},"statements":{"total":36,"covered":32,"skipped":0,"pct":88.88},"branches":{"total":12,"covered":11,"skipped":0,"pct":91.66}}
,"/home/nyakamwe/Desktop/my-brand-nyakamwe/server/src/controllers/userControllers.js": {"lines":{"total":30,"covered":26,"skipped":0,"pct":86.66},"functions":{"total":4,"covered":2,"skipped":0,"pct":50},"statements":{"total":31,"covered":27,"skipped":0,"pct":87.09},"branches":{"total":11,"covered":11,"skipped":0,"pct":100}}
,"/home/nyakamwe/Desktop/my-brand-nyakamwe/server/src/models/Contact.js": {"lines":{"total":3,"covered":3,"skipped":0,"pct":100},"functions":{"total":0,"covered":0,"skipped":0,"pct":100},"statements":{"total":3,"covered":3,"skipped":0,"pct":100},"branches":{"total":0,"covered":0,"skipped":0,"pct":100}}
,"/home/nyakamwe/Desktop/my-brand-nyakamwe/server/src/models/Post.js": {"lines":{"total":6,"covered":6,"skipped":0,"pct":100},"functions":{"total":0,"covered":0,"skipped":0,"pct":100},"statements":{"total":6,"covered":6,"skipped":0,"pct":100},"branches":{"total":0,"covered":0,"skipped":0,"pct":100}}
,"/home/nyakamwe/Desktop/my-brand-nyakamwe/server/src/models/User.js": {"lines":{"total":17,"covered":14,"skipped":0,"pct":82.35},"functions":{"total":3,"covered":2,"skipped":0,"pct":66.66},"statements":{"total":17,"covered":14,"skipped":0,"pct":82.35},"branches":{"total":2,"covered":2,"skipped":0,"pct":100}}
,"/home/nyakamwe/Desktop/my-brand-nyakamwe/server/src/routes/CommentRoutes.js": {"lines":{"total":9,"covered":9,"skipped":0,"pct":100},"functions":{"total":0,"covered":0,"skipped":0,"pct":100},"statements":{"total":9,"covered":9,"skipped":0,"pct":100},"branches":{"total":0,"covered":0,"skipped":0,"pct":100}}
,"/home/nyakamwe/Desktop/my-brand-nyakamwe/server/src/routes/LikeRoutes.js": {"lines":{"total":7,"covered":7,"skipped":0,"pct":100},"functions":{"total":0,"covered":0,"skipped":0,"pct":100},"statements":{"total":7,"covered":7,"skipped":0,"pct":100},"branches":{"total":0,"covered":0,"skipped":0,"pct":100}}
,"/home/nyakamwe/Desktop/my-brand-nyakamwe/server/src/routes/MessageRoutes.js": {"lines":{"total":6,"covered":6,"skipped":0,"pct":100},"functions":{"total":0,"covered":0,"skipped":0,"pct":100},"statements":{"total":6,"covered":6,"skipped":0,"pct":100},"branches":{"total":0,"covered":0,"skipped":0,"pct":100}}
,"/home/nyakamwe/Desktop/my-brand-nyakamwe/server/src/routes/PostRoutes.js": {"lines":{"total":11,"covered":11,"skipped":0,"pct":100},"functions":{"total":0,"covered":0,"skipped":0,"pct":100},"statements":{"total":11,"covered":11,"skipped":0,"pct":100},"branches":{"total":0,"covered":0,"skipped":0,"pct":100}}
,"/home/nyakamwe/Desktop/my-brand-nyakamwe/server/src/routes/UserRoutes.js": {"lines":{"total":7,"covered":7,"skipped":0,"pct":100},"functions":{"total":0,"covered":0,"skipped":0,"pct":100},"statements":{"total":7,"covered":7,"skipped":0,"pct":100},"branches":{"total":0,"covered":0,"skipped":0,"pct":100}}
,"/home/nyakamwe/Desktop/my-brand-nyakamwe/server/src/test/comment_test.js": {"lines":{"total":103,"covered":102,"skipped":0,"pct":99.02},"functions":{"total":30,"covered":29,"skipped":0,"pct":96.66},"statements":{"total":104,"covered":102,"skipped":0,"pct":98.07},"branches":{"total":2,"covered":1,"skipped":0,"pct":50}}
,"/home/nyakamwe/Desktop/my-brand-nyakamwe/server/src/test/contact_test.js": {"lines":{"total":44,"covered":43,"skipped":0,"pct":97.72},"functions":{"total":16,"covered":15,"skipped":0,"pct":93.75},"statements":{"total":44,"covered":43,"skipped":0,"pct":97.72},"branches":{"total":0,"covered":0,"skipped":0,"pct":100}}
,"/home/nyakamwe/Desktop/my-brand-nyakamwe/server/src/test/post_test.js": {"lines":{"total":115,"covered":114,"skipped":0,"pct":99.13},"functions":{"total":37,"covered":36,"skipped":0,"pct":97.29},"statements":{"total":116,"covered":114,"skipped":0,"pct":98.27},"branches":{"total":2,"covered":1,"skipped":0,"pct":50}}
,"/home/nyakamwe/Desktop/my-brand-nyakamwe/server/src/test/user_test.js": {"lines":{"total":67,"covered":66,"skipped":0,"pct":98.5},"functions":{"total":20,"covered":19,"skipped":0,"pct":95},"statements":{"total":70,"covered":66,"skipped":0,"pct":94.28},"branches":{"total":6,"covered":3,"skipped":0,"pct":50}}
}
