TN:
SF:src/index.js
FN:64,(anonymous_1)
FN:68,(anonymous_2)
FN:73,(anonymous_3)
FNF:3
FNH:1
FNDA:0,(anonymous_1)
FNDA:0,(anonymous_2)
FNDA:1,(anonymous_3)
DA:1,1
DA:2,1
DA:4,1
DA:6,1
DA:7,1
DA:9,1
DA:28,1
DA:31,1
DA:32,1
DA:35,1
DA:36,1
DA:37,1
DA:38,1
DA:39,1
DA:42,1
DA:45,1
DA:50,1
DA:51,1
DA:52,1
DA:53,1
DA:54,1
DA:56,1
DA:58,1
DA:60,1
DA:61,1
DA:63,1
DA:64,1
DA:66,0
DA:69,0
DA:73,1
DA:74,1
LF:31
LH:29
BRDA:32,0,0,1
BRDA:32,0,1,0
BRF:2
BRH:1
end_of_record
TN:
SF:src/uploadConfig.js
FN:7,(anonymous_1)
FNF:1
FNH:0
FNDA:0,(anonymous_1)
DA:1,1
DA:2,1
DA:5,1
DA:8,0
DA:13,1
DA:25,1
LF:6
LH:5
BRF:0
BRH:0
end_of_record
TN:
SF:src/AuthMiddleWare/AuthenticateToken.js
FN:4,authenticateToken
FN:9,(anonymous_2)
FNF:2
FNH:0
FNDA:0,authenticateToken
FNDA:0,(anonymous_2)
DA:1,1
DA:5,0
DA:6,0
DA:7,0
DA:9,0
DA:10,0
DA:12,0
DA:14,0
LF:8
LH:1
BRDA:6,0,0,0
BRDA:6,0,1,0
BRDA:7,1,0,0
BRDA:7,1,1,0
BRDA:10,2,0,0
BRDA:10,2,1,0
BRF:6
BRH:0
end_of_record
TN:
SF:src/controllers/commentControllers.js
FN:5,(anonymous_0)
FN:26,(anonymous_1)
FN:48,(anonymous_2)
FN:67,(anonymous_3)
FNF:4
FNH:0
FNDA:0,(anonymous_0)
FNDA:0,(anonymous_1)
FNDA:0,(anonymous_2)
FNDA:0,(anonymous_3)
DA:1,1
DA:5,1
DA:6,0
DA:7,0
DA:9,0
DA:11,0
DA:16,0
DA:17,0
DA:18,0
DA:21,0
DA:26,1
DA:27,0
DA:28,0
DA:29,0
DA:30,0
DA:32,0
DA:34,0
DA:36,0
DA:38,0
DA:42,0
DA:48,1
DA:50,0
DA:51,0
DA:52,0
DA:53,0
DA:54,0
DA:57,0
DA:60,0
DA:67,1
DA:69,0
DA:70,0
DA:71,0
DA:72,0
DA:75,0
DA:77,0
DA:81,0
DA:85,0
LF:37
LH:5
BRDA:9,0,0,0
BRDA:9,0,1,0
BRDA:30,1,0,0
BRDA:30,1,1,0
BRDA:34,2,0,0
BRDA:34,2,1,0
BRDA:53,3,0,0
BRDA:53,3,1,0
BRDA:72,4,0,0
BRDA:72,4,1,0
BRF:10
BRH:0
end_of_record
TN:
SF:src/controllers/likeControllers.js
FN:5,(anonymous_0)
FN:11,(anonymous_1)
FN:22,(anonymous_2)
FN:27,(anonymous_3)
FNF:4
FNH:0
FNDA:0,(anonymous_0)
FNDA:0,(anonymous_1)
FNDA:0,(anonymous_2)
FNDA:0,(anonymous_3)
DA:1,1
DA:5,1
DA:6,0
DA:8,0
DA:12,0
DA:13,0
DA:16,0
DA:22,1
DA:23,0
DA:24,0
DA:28,0
DA:29,0
DA:32,0
LF:13
LH:3
BRDA:12,0,0,0
BRDA:12,0,1,0
BRDA:28,1,0,0
BRDA:28,1,1,0
BRF:4
BRH:0
end_of_record
TN:
SF:src/controllers/messageControllers.js
FN:4,(anonymous_0)
FN:5,(anonymous_1)
FN:7,(anonymous_2)
FN:12,(anonymous_3)
FNF:4
FNH:0
FNDA:0,(anonymous_0)
FNDA:0,(anonymous_1)
FNDA:0,(anonymous_2)
FNDA:0,(anonymous_3)
DA:1,1
DA:4,1
DA:5,0
DA:6,0
DA:8,0
DA:12,1
DA:13,0
DA:14,0
DA:17,0
DA:23,0
DA:25,0
LF:11
LH:3
BRDA:13,0,0,0
BRDA:13,0,1,0
BRDA:13,1,0,0
BRDA:13,1,1,0
BRF:4
BRH:0
end_of_record
TN:
SF:src/controllers/postControllers.js
FN:7,(anonymous_0)
FN:13,(anonymous_1)
FN:37,(anonymous_2)
FN:53,(anonymous_3)
FN:75,(anonymous_4)
FNF:5
FNH:0
FNDA:0,(anonymous_0)
FNDA:0,(anonymous_1)
FNDA:0,(anonymous_2)
FNDA:0,(anonymous_3)
FNDA:0,(anonymous_4)
DA:2,1
DA:7,1
DA:8,0
DA:9,0
DA:13,1
DA:14,0
DA:15,0
DA:16,0
DA:19,0
DA:25,0
DA:27,0
DA:30,0
DA:37,1
DA:38,0
DA:39,0
DA:41,0
DA:42,0
DA:45,0
DA:48,0
DA:53,1
DA:54,0
DA:55,0
DA:57,0
DA:58,0
DA:62,0
DA:63,0
DA:66,0
DA:70,0
DA:75,1
DA:76,0
DA:77,0
DA:78,0
DA:80,0
DA:81,0
DA:84,0
DA:89,0
LF:36
LH:6
BRDA:15,0,0,0
BRDA:15,0,1,0
BRDA:15,1,0,0
BRDA:15,1,1,0
BRDA:41,2,0,0
BRDA:41,2,1,0
BRDA:57,3,0,0
BRDA:57,3,1,0
BRDA:57,4,0,0
BRDA:57,4,1,0
BRDA:78,5,0,0
BRDA:78,5,1,0
BRF:12
BRH:0
end_of_record
TN:
SF:src/controllers/userControllers.js
FN:7,(anonymous_1)
FN:9,(anonymous_2)
FN:15,(anonymous_3)
FN:45,(anonymous_4)
FNF:4
FNH:0
FNDA:0,(anonymous_1)
FNDA:0,(anonymous_2)
FNDA:0,(anonymous_3)
FNDA:0,(anonymous_4)
DA:2,1
DA:3,1
DA:4,1
DA:7,1
DA:9,0
DA:10,0
DA:15,1
DA:16,0
DA:17,0
DA:18,0
DA:21,0
DA:22,0
DA:24,0
DA:25,0
DA:27,0
DA:33,0
DA:35,0
DA:38,0
DA:45,1
DA:46,0
DA:47,0
DA:49,0
DA:50,0
DA:51,0
DA:54,0
DA:58,0
DA:60,0
DA:62,0
DA:66,0
DA:71,0
LF:30
LH:6
BRDA:17,0,0,0
BRDA:17,0,1,0
BRDA:17,1,0,0
BRDA:17,1,1,0
BRDA:17,1,2,0
BRDA:25,2,0,0
BRDA:25,2,1,0
BRDA:49,3,0,0
BRDA:49,3,1,0
BRDA:51,4,0,0
BRDA:51,4,1,0
BRF:11
BRH:0
end_of_record
TN:
SF:src/models/Contact.js
FNF:0
FNH:0
DA:1,1
DA:3,1
DA:16,1
LF:3
LH:3
BRF:0
BRH:0
end_of_record
TN:
SF:src/models/Post.js
FNF:0
FNH:0
DA:1,1
DA:3,1
DA:11,1
DA:26,1
DA:49,1
DA:50,1
LF:6
LH:6
BRF:0
BRH:0
end_of_record
TN:
SF:src/models/User.js
FN:19,(anonymous_1)
FN:38,(anonymous_2)
FNF:2
FNH:0
FNDA:0,(anonymous_1)
FNDA:0,(anonymous_2)
DA:1,1
DA:2,1
DA:4,1
DA:19,1
DA:20,0
DA:21,0
DA:22,0
DA:23,0
DA:25,0
DA:30,0
DA:31,0
DA:38,1
DA:39,0
DA:40,0
DA:43,1
LF:15
LH:6
BRDA:22,0,0,0
BRDA:22,0,1,0
BRF:2
BRH:0
end_of_record
TN:
SF:src/routes/CommentRoutes.js
FNF:0
FNH:0
DA:1,1
DA:2,1
DA:3,1
DA:5,1
DA:8,1
DA:11,1
DA:14,1
DA:17,1
DA:21,1
LF:9
LH:9
BRF:0
BRH:0
end_of_record
TN:
SF:src/routes/LikeRoutes.js
FNF:0
FNH:0
DA:1,1
DA:3,1
DA:5,1
DA:7,1
DA:11,1
DA:14,1
DA:17,1
LF:7
LH:7
BRF:0
BRH:0
end_of_record
TN:
SF:src/routes/MessageRoutes.js
FNF:0
FNH:0
DA:1,1
DA:2,1
DA:4,1
DA:8,1
DA:10,1
DA:12,1
LF:6
LH:6
BRF:0
BRH:0
end_of_record
TN:
SF:src/routes/PostRoutes.js
FNF:0
FNH:0
DA:1,1
DA:3,1
DA:5,1
DA:7,1
DA:9,1
DA:13,1
DA:16,1
DA:19,1
DA:22,1
DA:25,1
DA:30,1
LF:11
LH:11
BRF:0
BRH:0
end_of_record
TN:
SF:src/routes/UserRoutes.js
FNF:0
FNH:0
DA:1,1
DA:3,1
DA:5,1
DA:13,1
DA:15,1
DA:18,1
DA:20,1
LF:7
LH:7
BRF:0
BRH:0
end_of_record
TN:
SF:src/test/blog_test.js
FN:21,(anonymous_4)
FN:22,(anonymous_5)
FN:25,(anonymous_6)
FN:31,(anonymous_7)
FN:46,(anonymous_8)
FN:48,(anonymous_9)
FN:51,(anonymous_10)
FN:59,(anonymous_11)
FN:62,(anonymous_12)
FN:77,(anonymous_13)
FN:79,(anonymous_14)
FN:83,(anonymous_15)
FN:94,(anonymous_16)
FN:98,(anonymous_17)
FN:113,(anonymous_18)
FN:115,(anonymous_19)
FN:127,(anonymous_20)
FN:136,(anonymous_21)
FN:148,(anonymous_22)
FN:157,(anonymous_23)
FN:169,(anonymous_24)
FN:183,(anonymous_25)
FN:190,(anonymous_26)
FN:194,(anonymous_27)
FN:206,(anonymous_28)
FN:214,(anonymous_29)
FN:225,(anonymous_30)
FN:233,(anonymous_31)
FN:251,(anonymous_32)
FN:253,(anonymous_33)
FN:269,(anonymous_34)
FN:280,(anonymous_35)
FN:294,(anonymous_36)
FN:303,(anonymous_37)
FN:318,(anonymous_38)
FN:333,(anonymous_39)
FN:334,(anonymous_40)
FN:345,(anonymous_41)
FN:354,(anonymous_42)
FN:365,(anonymous_43)
FN:381,(anonymous_44)
FN:382,(anonymous_45)
FN:387,(anonymous_46)
FN:394,(anonymous_47)
FN:399,(anonymous_48)
FN:414,(anonymous_49)
FN:415,(anonymous_50)
FN:418,(anonymous_51)
FN:425,(anonymous_52)
FN:428,(anonymous_53)
FN:439,(anonymous_54)
FN:440,(anonymous_55)
FN:450,(anonymous_56)
FN:457,(anonymous_57)
FN:467,(anonymous_58)
FN:480,(anonymous_59)
FN:481,(anonymous_60)
FN:486,(anonymous_61)
FN:492,(anonymous_62)
FN:497,(anonymous_63)
FN:504,(anonymous_64)
FN:509,(anonymous_65)
FN:517,(anonymous_66)
FN:522,(anonymous_67)
FN:530,(anonymous_68)
FN:535,(anonymous_69)
FN:552,(anonymous_70)
FN:553,(anonymous_71)
FN:564,(anonymous_72)
FN:573,(anonymous_73)
FN:583,(anonymous_74)
FN:598,(anonymous_75)
FN:599,(anonymous_76)
FN:604,(anonymous_77)
FN:611,(anonymous_78)
FN:616,(anonymous_79)
FNF:76
FNH:14
FNDA:1,(anonymous_4)
FNDA:1,(anonymous_5)
FNDA:0,(anonymous_6)
FNDA:0,(anonymous_7)
FNDA:1,(anonymous_8)
FNDA:0,(anonymous_9)
FNDA:0,(anonymous_10)
FNDA:0,(anonymous_11)
FNDA:0,(anonymous_12)
FNDA:1,(anonymous_13)
FNDA:0,(anonymous_14)
FNDA:0,(anonymous_15)
FNDA:0,(anonymous_16)
FNDA:0,(anonymous_17)
FNDA:1,(anonymous_18)
FNDA:0,(anonymous_19)
FNDA:0,(anonymous_20)
FNDA:0,(anonymous_21)
FNDA:0,(anonymous_22)
FNDA:0,(anonymous_23)
FNDA:0,(anonymous_24)
FNDA:1,(anonymous_25)
FNDA:0,(anonymous_26)
FNDA:0,(anonymous_27)
FNDA:0,(anonymous_28)
FNDA:0,(anonymous_29)
FNDA:0,(anonymous_30)
FNDA:0,(anonymous_31)
FNDA:1,(anonymous_32)
FNDA:0,(anonymous_33)
FNDA:0,(anonymous_34)
FNDA:0,(anonymous_35)
FNDA:0,(anonymous_36)
FNDA:0,(anonymous_37)
FNDA:0,(anonymous_38)
FNDA:1,(anonymous_39)
FNDA:0,(anonymous_40)
FNDA:0,(anonymous_41)
FNDA:0,(anonymous_42)
FNDA:0,(anonymous_43)
FNDA:1,(anonymous_44)
FNDA:0,(anonymous_45)
FNDA:0,(anonymous_46)
FNDA:0,(anonymous_47)
FNDA:0,(anonymous_48)
FNDA:1,(anonymous_49)
FNDA:0,(anonymous_50)
FNDA:0,(anonymous_51)
FNDA:0,(anonymous_52)
FNDA:0,(anonymous_53)
FNDA:1,(anonymous_54)
FNDA:0,(anonymous_55)
FNDA:0,(anonymous_56)
FNDA:0,(anonymous_57)
FNDA:0,(anonymous_58)
FNDA:1,(anonymous_59)
FNDA:0,(anonymous_60)
FNDA:0,(anonymous_61)
FNDA:0,(anonymous_62)
FNDA:0,(anonymous_63)
FNDA:0,(anonymous_64)
FNDA:0,(anonymous_65)
FNDA:0,(anonymous_66)
FNDA:0,(anonymous_67)
FNDA:0,(anonymous_68)
FNDA:0,(anonymous_69)
FNDA:1,(anonymous_70)
FNDA:0,(anonymous_71)
FNDA:0,(anonymous_72)
FNDA:0,(anonymous_73)
FNDA:0,(anonymous_74)
FNDA:1,(anonymous_75)
FNDA:0,(anonymous_76)
FNDA:0,(anonymous_77)
FNDA:0,(anonymous_78)
FNDA:0,(anonymous_79)
DA:1,1
DA:2,1
DA:3,1
DA:4,1
DA:5,1
DA:6,1
DA:7,1
DA:11,1
DA:12,1
DA:17,1
DA:19,1
DA:21,1
DA:22,1
DA:24,1
DA:25,1
DA:27,0
DA:29,0
DA:32,0
DA:46,1
DA:48,1
DA:49,0
DA:52,0
DA:53,0
DA:54,0
DA:59,1
DA:60,0
DA:63,0
DA:65,0
DA:77,1
DA:79,1
DA:80,0
DA:81,0
DA:84,0
DA:85,0
DA:86,0
DA:88,0
DA:94,1
DA:95,0
DA:96,0
DA:99,0
DA:100,0
DA:102,0
DA:113,1
DA:115,1
DA:117,0
DA:124,0
DA:128,0
DA:129,0
DA:130,0
DA:131,0
DA:136,1
DA:138,0
DA:145,0
DA:149,0
DA:150,0
DA:151,0
DA:152,0
DA:157,1
DA:159,0
DA:166,0
DA:170,0
DA:171,0
DA:172,0
DA:173,0
DA:183,1
DA:185,1
DA:190,1
DA:191,0
DA:195,0
DA:197,0
DA:198,0
DA:199,0
DA:201,0
DA:206,1
DA:207,0
DA:211,0
DA:215,0
DA:217,0
DA:218,0
DA:219,0
DA:220,0
DA:225,1
DA:226,0
DA:230,0
DA:234,0
DA:236,0
DA:237,0
DA:238,0
DA:251,1
DA:253,1
DA:254,0
DA:256,0
DA:263,0
DA:270,0
DA:271,0
DA:272,0
DA:273,0
DA:278,1
DA:280,1
DA:282,0
DA:289,0
DA:295,0
DA:296,0
DA:297,0
DA:303,1
DA:305,0
DA:312,0
DA:319,0
DA:320,0
DA:321,0
DA:333,1
DA:334,1
DA:335,0
DA:336,0
DA:341,0
DA:346,0
DA:347,0
DA:348,0
DA:350,0
DA:354,1
DA:355,0
DA:356,0
DA:361,0
DA:366,0
DA:367,0
DA:368,0
DA:370,0
DA:381,1
DA:382,1
DA:383,0
DA:384,0
DA:388,0
DA:390,0
DA:394,1
DA:395,0
DA:396,0
DA:400,0
DA:401,0
DA:402,0
DA:414,1
DA:415,1
DA:416,0
DA:419,0
DA:420,0
DA:421,0
DA:425,1
DA:426,0
DA:429,0
DA:430,0
DA:439,1
DA:440,1
DA:441,0
DA:447,0
DA:451,0
DA:452,0
DA:453,0
DA:457,1
DA:458,0
DA:464,0
DA:468,0
DA:469,0
DA:470,0
DA:480,1
DA:481,1
DA:482,0
DA:483,0
DA:487,0
DA:488,0
DA:489,0
DA:492,1
DA:493,0
DA:494,0
DA:498,0
DA:499,0
DA:500,0
DA:504,1
DA:505,0
DA:506,0
DA:510,0
DA:511,0
DA:512,0
DA:517,1
DA:518,0
DA:519,0
DA:523,0
DA:524,0
DA:525,0
DA:526,0
DA:530,1
DA:531,0
DA:532,0
DA:536,0
DA:537,0
DA:538,0
DA:539,0
DA:552,1
DA:553,1
DA:554,0
DA:555,0
DA:560,0
DA:565,0
DA:566,0
DA:567,0
DA:568,0
DA:573,1
DA:574,0
DA:575,0
DA:579,0
DA:584,0
DA:585,0
DA:586,0
DA:587,0
DA:598,1
DA:599,1
DA:600,0
DA:601,0
DA:605,0
DA:607,0
DA:611,1
DA:612,0
DA:613,0
DA:617,0
DA:618,0
DA:619,0
LF:224
LH:59
BRDA:195,0,0,0
BRDA:195,0,1,0
BRDA:215,1,0,0
BRDA:215,1,1,0
BRDA:234,2,0,0
BRDA:234,2,1,0
BRF:6
BRH:0
end_of_record
